[
  {
    "level": "INFO",
    "message": "android.ndkVersion from module build.gradle is 22.0.7026061"
  },
  {
    "level": "INFO",
    "message": "ndk.dir in local.properties is not set"
  },
  {
    "level": "INFO",
    "message": "ANDROID_NDK_HOME environment variable is not set"
  },
  {
    "level": "INFO",
    "message": "sdkFolder is E:\\1.Application\\Tools\\android\\Sdk"
  },
  {
    "level": "INFO",
    "message": "Considering E:\\1.Application\\Tools\\android\\Sdk\\ndk-bundle in SDK ndk-bundle folder"
  },
  {
    "level": "INFO",
    "message": "Considering E:\\1.Application\\Tools\\android\\Sdk\\ndk\\21.1.6352462 in SDK ndk folder"
  },
  {
    "level": "INFO",
    "message": "Considering E:\\1.Application\\Tools\\android\\Sdk\\ndk\\21.4.7075529 in SDK ndk folder"
  },
  {
    "level": "INFO",
    "message": "Considering E:\\1.Application\\Tools\\android\\Sdk\\ndk\\22.0.7026061 in SDK ndk folder"
  },
  {
    "level": "INFO",
    "message": "Found requested NDK version 22.0.7026061 at E:\\1.Application\\Tools\\android\\Sdk\\ndk\\22.0.7026061"
  }
]