The target system is: Android - 1 - aarch64
The host system is: Darwin - 21.1.0 - x86_64
Compiling the C compiler identification source file "CMakeCCompilerId.c" succeeded.
Compiler: /Users/oleksandrdroid/Library/Android/sdk/ndk/22.0.7026061/toolchains/llvm/prebuilt/darwin-x86_64/bin/clang 
Build flags: -g;-DANDROID;-fdata-sections;-ffunction-sections;-funwind-tables;-fstack-protector-strong;-no-canonical-prefixes;-D_FORTIFY_SOURCE=2;-Wformat;-Werror=format-security;
Id flags: -c 

The output was:
0


Compilation of the C compiler identification source "CMakeCCompilerId.c" produced "CMakeCCompilerId.o"

The C compiler identification is Clang, found in "/Users/oleksandrdroid/Robosystems/CV_standalone_wang_811/android-2/app/.cxx/cmake/debug/arm64-v8a/CMakeFiles/3.10.2/CompilerIdC/CMakeCCompilerId.o"

Compiling the CXX compiler identification source file "CMakeCXXCompilerId.cpp" succeeded.
Compiler: /Users/oleksandrdroid/Library/Android/sdk/ndk/22.0.7026061/toolchains/llvm/prebuilt/darwin-x86_64/bin/clang++ 
Build flags: -g;-DANDROID;-fdata-sections;-ffunction-sections;-funwind-tables;-fstack-protector-strong;-no-canonical-prefixes;-D_FORTIFY_SOURCE=2;-Wformat;-Werror=format-security;;
Id flags: -c 

The output was:
0


Compilation of the CXX compiler identification source "CMakeCXXCompilerId.cpp" produced "CMakeCXXCompilerId.o"

The CXX compiler identification is Clang, found in "/Users/oleksandrdroid/Robosystems/CV_standalone_wang_811/android-2/app/.cxx/cmake/debug/arm64-v8a/CMakeFiles/3.10.2/CompilerIdCXX/CMakeCXXCompilerId.o"

Determining if the C compiler works passed with the following output:
Change Dir: /Users/oleksandrdroid/Robosystems/CV_standalone_wang_811/android-2/app/.cxx/cmake/debug/arm64-v8a/CMakeFiles/CMakeTmp

Run Build Command:"/Users/oleksandrdroid/Library/Android/sdk/cmake/3.10.2.4988404/bin/ninja" "cmTC_ecfb3"
[1/2] Building C object CMakeFiles/cmTC_ecfb3.dir/testCCompiler.c.o
[2/2] Linking C executable cmTC_ecfb3


Detecting C compiler ABI info compiled with the following output:
Change Dir: /Users/oleksandrdroid/Robosystems/CV_standalone_wang_811/android-2/app/.cxx/cmake/debug/arm64-v8a/CMakeFiles/CMakeTmp

Run Build Command:"/Users/oleksandrdroid/Library/Android/sdk/cmake/3.10.2.4988404/bin/ninja" "cmTC_33ecc"
[1/2] Building C object CMakeFiles/cmTC_33ecc.dir/CMakeCCompilerABI.c.o
[2/2] Linking C executable cmTC_33ecc
Android (6875598, based on r399163b) clang version 11.0.5 (https://android.googlesource.com/toolchain/llvm-project 87f1315dfbea7c137aa2e6d362dbb457e388158d)
Target: aarch64-none-linux-android21
Thread model: posix
InstalledDir: /Users/oleksandrdroid/Library/Android/sdk/ndk/22.0.7026061/toolchains/llvm/prebuilt/darwin-x86_64/bin
Found candidate GCC installation: /Users/oleksandrdroid/Library/Android/sdk/ndk/22.0.7026061/toolchains/llvm/prebuilt/darwin-x86_64/lib/gcc/aarch64-linux-android/4.9.x
Selected GCC installation: /Users/oleksandrdroid/Library/Android/sdk/ndk/22.0.7026061/toolchains/llvm/prebuilt/darwin-x86_64/lib/gcc/aarch64-linux-android/4.9.x
Candidate multilib: .;@m64
Selected multilib: .;@m64
 "/Users/oleksandrdroid/Library/Android/sdk/ndk/22.0.7026061/toolchains/llvm/prebuilt/darwin-x86_64/bin/ld" --sysroot=/Users/oleksandrdroid/Library/Android/sdk/ndk/22.0.7026061/toolchains/llvm/prebuilt/darwin-x86_64/sysroot -pie -z noexecstack -EL --fix-cortex-a53-843419 --warn-shared-textrel -z now -z relro -z max-page-size=4096 --hash-style=both --enable-new-dtags --eh-frame-hdr -m aarch64linux -dynamic-linker /system/bin/linker64 -o cmTC_33ecc /Users/oleksandrdroid/Library/Android/sdk/ndk/22.0.7026061/toolchains/llvm/prebuilt/darwin-x86_64/sysroot/usr/lib/aarch64-linux-android/21/crtbegin_dynamic.o -L/Users/oleksandrdroid/Library/Android/sdk/ndk/22.0.7026061/toolchains/llvm/prebuilt/darwin-x86_64/lib64/clang/11.0.5/lib/linux/aarch64 -L/Users/oleksandrdroid/Library/Android/sdk/ndk/22.0.7026061/toolchains/llvm/prebuilt/darwin-x86_64/lib/gcc/aarch64-linux-android/4.9.x -L/Users/oleksandrdroid/Library/Android/sdk/ndk/22.0.7026061/toolchains/llvm/prebuilt/darwin-x86_64/lib/gcc/aarch64-linux-android/4.9.x/../../../../aarch64-linux-android/lib/../lib64 -L/Users/oleksandrdroid/Library/Android/sdk/ndk/22.0.7026061/toolchains/llvm/prebuilt/darwin-x86_64/sysroot/usr/lib/aarch64-linux-android/21 -L/Users/oleksandrdroid/Library/Android/sdk/ndk/22.0.7026061/toolchains/llvm/prebuilt/darwin-x86_64/sysroot/usr/lib/aarch64-linux-android -L/Users/oleksandrdroid/Library/Android/sdk/ndk/22.0.7026061/toolchains/llvm/prebuilt/darwin-x86_64/lib/gcc/aarch64-linux-android/4.9.x/../../../../aarch64-linux-android/lib -L/Users/oleksandrdroid/Library/Android/sdk/ndk/22.0.7026061/toolchains/llvm/prebuilt/darwin-x86_64/sysroot/usr/lib --exclude-libs libgcc.a --exclude-libs libgcc_real.a --exclude-libs libatomic.a --build-id=sha1 --no-rosegment --fatal-warnings --no-undefined --gc-sections CMakeFiles/cmTC_33ecc.dir/CMakeCCompilerABI.c.o -lgcc -ldl -lc -lgcc -ldl /Users/oleksandrdroid/Library/Android/sdk/ndk/22.0.7026061/toolchains/llvm/prebuilt/darwin-x86_64/sysroot/usr/lib/aarch64-linux-android/21/crtend_android.o


Parsed C implicit link information from above output:
  link line regex: [^( *|.*[/\])(CMAKE_LINKER-NOTFOUND|CMAKE_LINK_STARTFILE-NOTFOUND|([^/\]+-)?ld|collect2)[^/\]*( |$)]
  ignore line: [Change Dir: /Users/oleksandrdroid/Robosystems/CV_standalone_wang_811/android-2/app/.cxx/cmake/debug/arm64-v8a/CMakeFiles/CMakeTmp]
  ignore line: []
  ignore line: [Run Build Command:"/Users/oleksandrdroid/Library/Android/sdk/cmake/3.10.2.4988404/bin/ninja" "cmTC_33ecc"]
  ignore line: [[1/2] Building C object CMakeFiles/cmTC_33ecc.dir/CMakeCCompilerABI.c.o]
  ignore line: [[2/2] Linking C executable cmTC_33ecc]
  ignore line: [Android (6875598, based on r399163b) clang version 11.0.5 (https://android.googlesource.com/toolchain/llvm-project 87f1315dfbea7c137aa2e6d362dbb457e388158d)]
  ignore line: [Target: aarch64-none-linux-android21]
  ignore line: [Thread model: posix]
  ignore line: [InstalledDir: /Users/oleksandrdroid/Library/Android/sdk/ndk/22.0.7026061/toolchains/llvm/prebuilt/darwin-x86_64/bin]
  ignore line: [Found candidate GCC installation: /Users/oleksandrdroid/Library/Android/sdk/ndk/22.0.7026061/toolchains/llvm/prebuilt/darwin-x86_64/lib/gcc/aarch64-linux-android/4.9.x]
  ignore line: [Selected GCC installation: /Users/oleksandrdroid/Library/Android/sdk/ndk/22.0.7026061/toolchains/llvm/prebuilt/darwin-x86_64/lib/gcc/aarch64-linux-android/4.9.x]
  ignore line: [Candidate multilib: .]
  ignore line: [@m64]
  ignore line: [Selected multilib: .]
  ignore line: [@m64]
  link line: [ "/Users/oleksandrdroid/Library/Android/sdk/ndk/22.0.7026061/toolchains/llvm/prebuilt/darwin-x86_64/bin/ld" --sysroot=/Users/oleksandrdroid/Library/Android/sdk/ndk/22.0.7026061/toolchains/llvm/prebuilt/darwin-x86_64/sysroot -pie -z noexecstack -EL --fix-cortex-a53-843419 --warn-shared-textrel -z now -z relro -z max-page-size=4096 --hash-style=both --enable-new-dtags --eh-frame-hdr -m aarch64linux -dynamic-linker /system/bin/linker64 -o cmTC_33ecc /Users/oleksandrdroid/Library/Android/sdk/ndk/22.0.7026061/toolchains/llvm/prebuilt/darwin-x86_64/sysroot/usr/lib/aarch64-linux-android/21/crtbegin_dynamic.o -L/Users/oleksandrdroid/Library/Android/sdk/ndk/22.0.7026061/toolchains/llvm/prebuilt/darwin-x86_64/lib64/clang/11.0.5/lib/linux/aarch64 -L/Users/oleksandrdroid/Library/Android/sdk/ndk/22.0.7026061/toolchains/llvm/prebuilt/darwin-x86_64/lib/gcc/aarch64-linux-android/4.9.x -L/Users/oleksandrdroid/Library/Android/sdk/ndk/22.0.7026061/toolchains/llvm/prebuilt/darwin-x86_64/lib/gcc/aarch64-linux-android/4.9.x/../../../../aarch64-linux-android/lib/../lib64 -L/Users/oleksandrdroid/Library/Android/sdk/ndk/22.0.7026061/toolchains/llvm/prebuilt/darwin-x86_64/sysroot/usr/lib/aarch64-linux-android/21 -L/Users/oleksandrdroid/Library/Android/sdk/ndk/22.0.7026061/toolchains/llvm/prebuilt/darwin-x86_64/sysroot/usr/lib/aarch64-linux-android -L/Users/oleksandrdroid/Library/Android/sdk/ndk/22.0.7026061/toolchains/llvm/prebuilt/darwin-x86_64/lib/gcc/aarch64-linux-android/4.9.x/../../../../aarch64-linux-android/lib -L/Users/oleksandrdroid/Library/Android/sdk/ndk/22.0.7026061/toolchains/llvm/prebuilt/darwin-x86_64/sysroot/usr/lib --exclude-libs libgcc.a --exclude-libs libgcc_real.a --exclude-libs libatomic.a --build-id=sha1 --no-rosegment --fatal-warnings --no-undefined --gc-sections CMakeFiles/cmTC_33ecc.dir/CMakeCCompilerABI.c.o -lgcc -ldl -lc -lgcc -ldl /Users/oleksandrdroid/Library/Android/sdk/ndk/22.0.7026061/toolchains/llvm/prebuilt/darwin-x86_64/sysroot/usr/lib/aarch64-linux-android/21/crtend_android.o]
    arg [/Users/oleksandrdroid/Library/Android/sdk/ndk/22.0.7026061/toolchains/llvm/prebuilt/darwin-x86_64/bin/ld] ==> ignore
    arg [--sysroot=/Users/oleksandrdroid/Library/Android/sdk/ndk/22.0.7026061/toolchains/llvm/prebuilt/darwin-x86_64/sysroot] ==> ignore
    arg [-pie] ==> ignore
    arg [-znoexecstack] ==> ignore
    arg [-EL] ==> ignore
    arg [--fix-cortex-a53-843419] ==> ignore
    arg [--warn-shared-textrel] ==> ignore
    arg [-znow] ==> ignore
    arg [-zrelro] ==> ignore
    arg [-zmax-page-size=4096] ==> ignore
    arg [--hash-style=both] ==> ignore
    arg [--enable-new-dtags] ==> ignore
    arg [--eh-frame-hdr] ==> ignore
    arg [-m] ==> ignore
    arg [aarch64linux] ==> ignore
    arg [-dynamic-linker] ==> ignore
    arg [/system/bin/linker64] ==> ignore
    arg [-o] ==> ignore
    arg [cmTC_33ecc] ==> ignore
    arg [/Users/oleksandrdroid/Library/Android/sdk/ndk/22.0.7026061/toolchains/llvm/prebuilt/darwin-x86_64/sysroot/usr/lib/aarch64-linux-android/21/crtbegin_dynamic.o] ==> ignore
    arg [-L/Users/oleksandrdroid/Library/Android/sdk/ndk/22.0.7026061/toolchains/llvm/prebuilt/darwin-x86_64/lib64/clang/11.0.5/lib/linux/aarch64] ==> dir [/Users/oleksandrdroid/Library/Android/sdk/ndk/22.0.7026061/toolchains/llvm/prebuilt/darwin-x86_64/lib64/clang/11.0.5/lib/linux/aarch64]
    arg [-L/Users/oleksandrdroid/Library/Android/sdk/ndk/22.0.7026061/toolchains/llvm/prebuilt/darwin-x86_64/lib/gcc/aarch64-linux-android/4.9.x] ==> dir [/Users/oleksandrdroid/Library/Android/sdk/ndk/22.0.7026061/toolchains/llvm/prebuilt/darwin-x86_64/lib/gcc/aarch64-linux-android/4.9.x]
    arg [-L/Users/oleksandrdroid/Library/Android/sdk/ndk/22.0.7026061/toolchains/llvm/prebuilt/darwin-x86_64/lib/gcc/aarch64-linux-android/4.9.x/../../../../aarch64-linux-android/lib/../lib64] ==> dir [/Users/oleksandrdroid/Library/Android/sdk/ndk/22.0.7026061/toolchains/llvm/prebuilt/darwin-x86_64/lib/gcc/aarch64-linux-android/4.9.x/../../../../aarch64-linux-android/lib/../lib64]
    arg [-L/Users/oleksandrdroid/Library/Android/sdk/ndk/22.0.7026061/toolchains/llvm/prebuilt/darwin-x86_64/sysroot/usr/lib/aarch64-linux-android/21] ==> dir [/Users/oleksandrdroid/Library/Android/sdk/ndk/22.0.7026061/toolchains/llvm/prebuilt/darwin-x86_64/sysroot/usr/lib/aarch64-linux-android/21]
    arg [-L/Users/oleksandrdroid/Library/Android/sdk/ndk/22.0.7026061/toolchains/llvm/prebuilt/darwin-x86_64/sysroot/usr/lib/aarch64-linux-android] ==> dir [/Users/oleksandrdroid/Library/Android/sdk/ndk/22.0.7026061/toolchains/llvm/prebuilt/darwin-x86_64/sysroot/usr/lib/aarch64-linux-android]
    arg [-L/Users/oleksandrdroid/Library/Android/sdk/ndk/22.0.7026061/toolchains/llvm/prebuilt/darwin-x86_64/lib/gcc/aarch64-linux-android/4.9.x/../../../../aarch64-linux-android/lib] ==> dir [/Users/oleksandrdroid/Library/Android/sdk/ndk/22.0.7026061/toolchains/llvm/prebuilt/darwin-x86_64/lib/gcc/aarch64-linux-android/4.9.x/../../../../aarch64-linux-android/lib]
    arg [-L/Users/oleksandrdroid/Library/Android/sdk/ndk/22.0.7026061/toolchains/llvm/prebuilt/darwin-x86_64/sysroot/usr/lib] ==> dir [/Users/oleksandrdroid/Library/Android/sdk/ndk/22.0.7026061/toolchains/llvm/prebuilt/darwin-x86_64/sysroot/usr/lib]
    arg [--exclude-libs] ==> ignore
    arg [libgcc.a] ==> ignore
    arg [--exclude-libs] ==> ignore
    arg [libgcc_real.a] ==> ignore
    arg [--exclude-libs] ==> ignore
    arg [libatomic.a] ==> ignore
    arg [--build-id=sha1] ==> ignore
    arg [--no-rosegment] ==> ignore
    arg [--fatal-warnings] ==> ignore
    arg [--no-undefined] ==> ignore
    arg [--gc-sections] ==> ignore
    arg [CMakeFiles/cmTC_33ecc.dir/CMakeCCompilerABI.c.o] ==> ignore
    arg [-lgcc] ==> lib [gcc]
    arg [-ldl] ==> lib [dl]
    arg [-lc] ==> lib [c]
    arg [-lgcc] ==> lib [gcc]
    arg [-ldl] ==> lib [dl]
    arg [/Users/oleksandrdroid/Library/Android/sdk/ndk/22.0.7026061/toolchains/llvm/prebuilt/darwin-x86_64/sysroot/usr/lib/aarch64-linux-android/21/crtend_android.o] ==> ignore
  collapse library dir [/Users/oleksandrdroid/Library/Android/sdk/ndk/22.0.7026061/toolchains/llvm/prebuilt/darwin-x86_64/lib64/clang/11.0.5/lib/linux/aarch64] ==> [/Users/oleksandrdroid/Library/Android/sdk/ndk/22.0.7026061/toolchains/llvm/prebuilt/darwin-x86_64/lib64/clang/11.0.5/lib/linux/aarch64]
  collapse library dir [/Users/oleksandrdroid/Library/Android/sdk/ndk/22.0.7026061/toolchains/llvm/prebuilt/darwin-x86_64/lib/gcc/aarch64-linux-android/4.9.x] ==> [/Users/oleksandrdroid/Library/Android/sdk/ndk/22.0.7026061/toolchains/llvm/prebuilt/darwin-x86_64/lib/gcc/aarch64-linux-android/4.9.x]
  collapse library dir [/Users/oleksandrdroid/Library/Android/sdk/ndk/22.0.7026061/toolchains/llvm/prebuilt/darwin-x86_64/lib/gcc/aarch64-linux-android/4.9.x/../../../../aarch64-linux-android/lib/../lib64] ==> [/Users/oleksandrdroid/Library/Android/sdk/ndk/22.0.7026061/toolchains/llvm/prebuilt/darwin-x86_64/aarch64-linux-android/lib64]
  collapse library dir [/Users/oleksandrdroid/Library/Android/sdk/ndk/22.0.7026061/toolchains/llvm/prebuilt/darwin-x86_64/sysroot/usr/lib/aarch64-linux-android/21] ==> [/Users/oleksandrdroid/Library/Android/sdk/ndk/22.0.7026061/toolchains/llvm/prebuilt/darwin-x86_64/sysroot/usr/lib/aarch64-linux-android/21]
  collapse library dir [/Users/oleksandrdroid/Library/Android/sdk/ndk/22.0.7026061/toolchains/llvm/prebuilt/darwin-x86_64/sysroot/usr/lib/aarch64-linux-android] ==> [/Users/oleksandrdroid/Library/Android/sdk/ndk/22.0.7026061/toolchains/llvm/prebuilt/darwin-x86_64/sysroot/usr/lib/aarch64-linux-android]
  collapse library dir [/Users/oleksandrdroid/Library/Android/sdk/ndk/22.0.7026061/toolchains/llvm/prebuilt/darwin-x86_64/lib/gcc/aarch64-linux-android/4.9.x/../../../../aarch64-linux-android/lib] ==> [/Users/oleksandrdroid/Library/Android/sdk/ndk/22.0.7026061/toolchains/llvm/prebuilt/darwin-x86_64/aarch64-linux-android/lib]
  collapse library dir [/Users/oleksandrdroid/Library/Android/sdk/ndk/22.0.7026061/toolchains/llvm/prebuilt/darwin-x86_64/sysroot/usr/lib] ==> [/Users/oleksandrdroid/Library/Android/sdk/ndk/22.0.7026061/toolchains/llvm/prebuilt/darwin-x86_64/sysroot/usr/lib]
  implicit libs: [gcc;dl;c;gcc;dl]
  implicit dirs: [/Users/oleksandrdroid/Library/Android/sdk/ndk/22.0.7026061/toolchains/llvm/prebuilt/darwin-x86_64/lib64/clang/11.0.5/lib/linux/aarch64;/Users/oleksandrdroid/Library/Android/sdk/ndk/22.0.7026061/toolchains/llvm/prebuilt/darwin-x86_64/lib/gcc/aarch64-linux-android/4.9.x;/Users/oleksandrdroid/Library/Android/sdk/ndk/22.0.7026061/toolchains/llvm/prebuilt/darwin-x86_64/aarch64-linux-android/lib64;/Users/oleksandrdroid/Library/Android/sdk/ndk/22.0.7026061/toolchains/llvm/prebuilt/darwin-x86_64/sysroot/usr/lib/aarch64-linux-android/21;/Users/oleksandrdroid/Library/Android/sdk/ndk/22.0.7026061/toolchains/llvm/prebuilt/darwin-x86_64/sysroot/usr/lib/aarch64-linux-android;/Users/oleksandrdroid/Library/Android/sdk/ndk/22.0.7026061/toolchains/llvm/prebuilt/darwin-x86_64/aarch64-linux-android/lib;/Users/oleksandrdroid/Library/Android/sdk/ndk/22.0.7026061/toolchains/llvm/prebuilt/darwin-x86_64/sysroot/usr/lib]
  implicit fwks: []




Detecting C [-std=c11] compiler features compiled with the following output:
Change Dir: /Users/oleksandrdroid/Robosystems/CV_standalone_wang_811/android-2/app/.cxx/cmake/debug/arm64-v8a/CMakeFiles/CMakeTmp

Run Build Command:"/Users/oleksandrdroid/Library/Android/sdk/cmake/3.10.2.4988404/bin/ninja" "cmTC_78f2d"
[1/2] Building C object CMakeFiles/cmTC_78f2d.dir/feature_tests.c.o
[2/2] Linking C executable cmTC_78f2d


    Feature record: C_FEATURE:1c_function_prototypes
    Feature record: C_FEATURE:1c_restrict
    Feature record: C_FEATURE:1c_static_assert
    Feature record: C_FEATURE:1c_variadic_macros


Detecting C [-std=c99] compiler features compiled with the following output:
Change Dir: /Users/oleksandrdroid/Robosystems/CV_standalone_wang_811/android-2/app/.cxx/cmake/debug/arm64-v8a/CMakeFiles/CMakeTmp

Run Build Command:"/Users/oleksandrdroid/Library/Android/sdk/cmake/3.10.2.4988404/bin/ninja" "cmTC_8f5cb"
[1/2] Building C object CMakeFiles/cmTC_8f5cb.dir/feature_tests.c.o
[2/2] Linking C executable cmTC_8f5cb


    Feature record: C_FEATURE:1c_function_prototypes
    Feature record: C_FEATURE:1c_restrict
    Feature record: C_FEATURE:0c_static_assert
    Feature record: C_FEATURE:1c_variadic_macros


Detecting C [-std=c90] compiler features compiled with the following output:
Change Dir: /Users/oleksandrdroid/Robosystems/CV_standalone_wang_811/android-2/app/.cxx/cmake/debug/arm64-v8a/CMakeFiles/CMakeTmp

Run Build Command:"/Users/oleksandrdroid/Library/Android/sdk/cmake/3.10.2.4988404/bin/ninja" "cmTC_496ec"
[1/2] Building C object CMakeFiles/cmTC_496ec.dir/feature_tests.c.o
[2/2] Linking C executable cmTC_496ec


    Feature record: C_FEATURE:1c_function_prototypes
    Feature record: C_FEATURE:0c_restrict
    Feature record: C_FEATURE:0c_static_assert
    Feature record: C_FEATURE:0c_variadic_macros
Determining if the CXX compiler works passed with the following output:
Change Dir: /Users/oleksandrdroid/Robosystems/CV_standalone_wang_811/android-2/app/.cxx/cmake/debug/arm64-v8a/CMakeFiles/CMakeTmp

Run Build Command:"/Users/oleksandrdroid/Library/Android/sdk/cmake/3.10.2.4988404/bin/ninja" "cmTC_60ee2"
[1/2] Building CXX object CMakeFiles/cmTC_60ee2.dir/testCXXCompiler.cxx.o
[2/2] Linking CXX executable cmTC_60ee2


Detecting CXX compiler ABI info compiled with the following output:
Change Dir: /Users/oleksandrdroid/Robosystems/CV_standalone_wang_811/android-2/app/.cxx/cmake/debug/arm64-v8a/CMakeFiles/CMakeTmp

Run Build Command:"/Users/oleksandrdroid/Library/Android/sdk/cmake/3.10.2.4988404/bin/ninja" "cmTC_2dbeb"
[1/2] Building CXX object CMakeFiles/cmTC_2dbeb.dir/CMakeCXXCompilerABI.cpp.o
[2/2] Linking CXX executable cmTC_2dbeb
Android (6875598, based on r399163b) clang version 11.0.5 (https://android.googlesource.com/toolchain/llvm-project 87f1315dfbea7c137aa2e6d362dbb457e388158d)
Target: aarch64-none-linux-android21
Thread model: posix
InstalledDir: /Users/oleksandrdroid/Library/Android/sdk/ndk/22.0.7026061/toolchains/llvm/prebuilt/darwin-x86_64/bin
Found candidate GCC installation: /Users/oleksandrdroid/Library/Android/sdk/ndk/22.0.7026061/toolchains/llvm/prebuilt/darwin-x86_64/lib/gcc/aarch64-linux-android/4.9.x
Selected GCC installation: /Users/oleksandrdroid/Library/Android/sdk/ndk/22.0.7026061/toolchains/llvm/prebuilt/darwin-x86_64/lib/gcc/aarch64-linux-android/4.9.x
Candidate multilib: .;@m64
Selected multilib: .;@m64
 "/Users/oleksandrdroid/Library/Android/sdk/ndk/22.0.7026061/toolchains/llvm/prebuilt/darwin-x86_64/bin/ld" --sysroot=/Users/oleksandrdroid/Library/Android/sdk/ndk/22.0.7026061/toolchains/llvm/prebuilt/darwin-x86_64/sysroot -pie -z noexecstack -EL --fix-cortex-a53-843419 --warn-shared-textrel -z now -z relro -z max-page-size=4096 --hash-style=both --enable-new-dtags --eh-frame-hdr -m aarch64linux -dynamic-linker /system/bin/linker64 -o cmTC_2dbeb /Users/oleksandrdroid/Library/Android/sdk/ndk/22.0.7026061/toolchains/llvm/prebuilt/darwin-x86_64/sysroot/usr/lib/aarch64-linux-android/21/crtbegin_dynamic.o -L/Users/oleksandrdroid/Library/Android/sdk/ndk/22.0.7026061/toolchains/llvm/prebuilt/darwin-x86_64/lib64/clang/11.0.5/lib/linux/aarch64 -L/Users/oleksandrdroid/Library/Android/sdk/ndk/22.0.7026061/toolchains/llvm/prebuilt/darwin-x86_64/lib/gcc/aarch64-linux-android/4.9.x -L/Users/oleksandrdroid/Library/Android/sdk/ndk/22.0.7026061/toolchains/llvm/prebuilt/darwin-x86_64/lib/gcc/aarch64-linux-android/4.9.x/../../../../aarch64-linux-android/lib/../lib64 -L/Users/oleksandrdroid/Library/Android/sdk/ndk/22.0.7026061/toolchains/llvm/prebuilt/darwin-x86_64/sysroot/usr/lib/aarch64-linux-android/21 -L/Users/oleksandrdroid/Library/Android/sdk/ndk/22.0.7026061/toolchains/llvm/prebuilt/darwin-x86_64/sysroot/usr/lib/aarch64-linux-android -L/Users/oleksandrdroid/Library/Android/sdk/ndk/22.0.7026061/toolchains/llvm/prebuilt/darwin-x86_64/lib/gcc/aarch64-linux-android/4.9.x/../../../../aarch64-linux-android/lib -L/Users/oleksandrdroid/Library/Android/sdk/ndk/22.0.7026061/toolchains/llvm/prebuilt/darwin-x86_64/sysroot/usr/lib --exclude-libs libgcc.a --exclude-libs libgcc_real.a --exclude-libs libatomic.a --build-id=sha1 --no-rosegment --fatal-warnings --no-undefined --gc-sections CMakeFiles/cmTC_2dbeb.dir/CMakeCXXCompilerABI.cpp.o -Bstatic -lc++ -Bdynamic -lm -lgcc -ldl -lc -lgcc -ldl /Users/oleksandrdroid/Library/Android/sdk/ndk/22.0.7026061/toolchains/llvm/prebuilt/darwin-x86_64/sysroot/usr/lib/aarch64-linux-android/21/crtend_android.o


Parsed CXX implicit link information from above output:
  link line regex: [^( *|.*[/\])(CMAKE_LINKER-NOTFOUND|CMAKE_LINK_STARTFILE-NOTFOUND|([^/\]+-)?ld|collect2)[^/\]*( |$)]
  ignore line: [Change Dir: /Users/oleksandrdroid/Robosystems/CV_standalone_wang_811/android-2/app/.cxx/cmake/debug/arm64-v8a/CMakeFiles/CMakeTmp]
  ignore line: []
  ignore line: [Run Build Command:"/Users/oleksandrdroid/Library/Android/sdk/cmake/3.10.2.4988404/bin/ninja" "cmTC_2dbeb"]
  ignore line: [[1/2] Building CXX object CMakeFiles/cmTC_2dbeb.dir/CMakeCXXCompilerABI.cpp.o]
  ignore line: [[2/2] Linking CXX executable cmTC_2dbeb]
  ignore line: [Android (6875598, based on r399163b) clang version 11.0.5 (https://android.googlesource.com/toolchain/llvm-project 87f1315dfbea7c137aa2e6d362dbb457e388158d)]
  ignore line: [Target: aarch64-none-linux-android21]
  ignore line: [Thread model: posix]
  ignore line: [InstalledDir: /Users/oleksandrdroid/Library/Android/sdk/ndk/22.0.7026061/toolchains/llvm/prebuilt/darwin-x86_64/bin]
  ignore line: [Found candidate GCC installation: /Users/oleksandrdroid/Library/Android/sdk/ndk/22.0.7026061/toolchains/llvm/prebuilt/darwin-x86_64/lib/gcc/aarch64-linux-android/4.9.x]
  ignore line: [Selected GCC installation: /Users/oleksandrdroid/Library/Android/sdk/ndk/22.0.7026061/toolchains/llvm/prebuilt/darwin-x86_64/lib/gcc/aarch64-linux-android/4.9.x]
  ignore line: [Candidate multilib: .]
  ignore line: [@m64]
  ignore line: [Selected multilib: .]
  ignore line: [@m64]
  link line: [ "/Users/oleksandrdroid/Library/Android/sdk/ndk/22.0.7026061/toolchains/llvm/prebuilt/darwin-x86_64/bin/ld" --sysroot=/Users/oleksandrdroid/Library/Android/sdk/ndk/22.0.7026061/toolchains/llvm/prebuilt/darwin-x86_64/sysroot -pie -z noexecstack -EL --fix-cortex-a53-843419 --warn-shared-textrel -z now -z relro -z max-page-size=4096 --hash-style=both --enable-new-dtags --eh-frame-hdr -m aarch64linux -dynamic-linker /system/bin/linker64 -o cmTC_2dbeb /Users/oleksandrdroid/Library/Android/sdk/ndk/22.0.7026061/toolchains/llvm/prebuilt/darwin-x86_64/sysroot/usr/lib/aarch64-linux-android/21/crtbegin_dynamic.o -L/Users/oleksandrdroid/Library/Android/sdk/ndk/22.0.7026061/toolchains/llvm/prebuilt/darwin-x86_64/lib64/clang/11.0.5/lib/linux/aarch64 -L/Users/oleksandrdroid/Library/Android/sdk/ndk/22.0.7026061/toolchains/llvm/prebuilt/darwin-x86_64/lib/gcc/aarch64-linux-android/4.9.x -L/Users/oleksandrdroid/Library/Android/sdk/ndk/22.0.7026061/toolchains/llvm/prebuilt/darwin-x86_64/lib/gcc/aarch64-linux-android/4.9.x/../../../../aarch64-linux-android/lib/../lib64 -L/Users/oleksandrdroid/Library/Android/sdk/ndk/22.0.7026061/toolchains/llvm/prebuilt/darwin-x86_64/sysroot/usr/lib/aarch64-linux-android/21 -L/Users/oleksandrdroid/Library/Android/sdk/ndk/22.0.7026061/toolchains/llvm/prebuilt/darwin-x86_64/sysroot/usr/lib/aarch64-linux-android -L/Users/oleksandrdroid/Library/Android/sdk/ndk/22.0.7026061/toolchains/llvm/prebuilt/darwin-x86_64/lib/gcc/aarch64-linux-android/4.9.x/../../../../aarch64-linux-android/lib -L/Users/oleksandrdroid/Library/Android/sdk/ndk/22.0.7026061/toolchains/llvm/prebuilt/darwin-x86_64/sysroot/usr/lib --exclude-libs libgcc.a --exclude-libs libgcc_real.a --exclude-libs libatomic.a --build-id=sha1 --no-rosegment --fatal-warnings --no-undefined --gc-sections CMakeFiles/cmTC_2dbeb.dir/CMakeCXXCompilerABI.cpp.o -Bstatic -lc++ -Bdynamic -lm -lgcc -ldl -lc -lgcc -ldl /Users/oleksandrdroid/Library/Android/sdk/ndk/22.0.7026061/toolchains/llvm/prebuilt/darwin-x86_64/sysroot/usr/lib/aarch64-linux-android/21/crtend_android.o]
    arg [/Users/oleksandrdroid/Library/Android/sdk/ndk/22.0.7026061/toolchains/llvm/prebuilt/darwin-x86_64/bin/ld] ==> ignore
    arg [--sysroot=/Users/oleksandrdroid/Library/Android/sdk/ndk/22.0.7026061/toolchains/llvm/prebuilt/darwin-x86_64/sysroot] ==> ignore
    arg [-pie] ==> ignore
    arg [-znoexecstack] ==> ignore
    arg [-EL] ==> ignore
    arg [--fix-cortex-a53-843419] ==> ignore
    arg [--warn-shared-textrel] ==> ignore
    arg [-znow] ==> ignore
    arg [-zrelro] ==> ignore
    arg [-zmax-page-size=4096] ==> ignore
    arg [--hash-style=both] ==> ignore
    arg [--enable-new-dtags] ==> ignore
    arg [--eh-frame-hdr] ==> ignore
    arg [-m] ==> ignore
    arg [aarch64linux] ==> ignore
    arg [-dynamic-linker] ==> ignore
    arg [/system/bin/linker64] ==> ignore
    arg [-o] ==> ignore
    arg [cmTC_2dbeb] ==> ignore
    arg [/Users/oleksandrdroid/Library/Android/sdk/ndk/22.0.7026061/toolchains/llvm/prebuilt/darwin-x86_64/sysroot/usr/lib/aarch64-linux-android/21/crtbegin_dynamic.o] ==> ignore
    arg [-L/Users/oleksandrdroid/Library/Android/sdk/ndk/22.0.7026061/toolchains/llvm/prebuilt/darwin-x86_64/lib64/clang/11.0.5/lib/linux/aarch64] ==> dir [/Users/oleksandrdroid/Library/Android/sdk/ndk/22.0.7026061/toolchains/llvm/prebuilt/darwin-x86_64/lib64/clang/11.0.5/lib/linux/aarch64]
    arg [-L/Users/oleksandrdroid/Library/Android/sdk/ndk/22.0.7026061/toolchains/llvm/prebuilt/darwin-x86_64/lib/gcc/aarch64-linux-android/4.9.x] ==> dir [/Users/oleksandrdroid/Library/Android/sdk/ndk/22.0.7026061/toolchains/llvm/prebuilt/darwin-x86_64/lib/gcc/aarch64-linux-android/4.9.x]
    arg [-L/Users/oleksandrdroid/Library/Android/sdk/ndk/22.0.7026061/toolchains/llvm/prebuilt/darwin-x86_64/lib/gcc/aarch64-linux-android/4.9.x/../../../../aarch64-linux-android/lib/../lib64] ==> dir [/Users/oleksandrdroid/Library/Android/sdk/ndk/22.0.7026061/toolchains/llvm/prebuilt/darwin-x86_64/lib/gcc/aarch64-linux-android/4.9.x/../../../../aarch64-linux-android/lib/../lib64]
    arg [-L/Users/oleksandrdroid/Library/Android/sdk/ndk/22.0.7026061/toolchains/llvm/prebuilt/darwin-x86_64/sysroot/usr/lib/aarch64-linux-android/21] ==> dir [/Users/oleksandrdroid/Library/Android/sdk/ndk/22.0.7026061/toolchains/llvm/prebuilt/darwin-x86_64/sysroot/usr/lib/aarch64-linux-android/21]
    arg [-L/Users/oleksandrdroid/Library/Android/sdk/ndk/22.0.7026061/toolchains/llvm/prebuilt/darwin-x86_64/sysroot/usr/lib/aarch64-linux-android] ==> dir [/Users/oleksandrdroid/Library/Android/sdk/ndk/22.0.7026061/toolchains/llvm/prebuilt/darwin-x86_64/sysroot/usr/lib/aarch64-linux-android]
    arg [-L/Users/oleksandrdroid/Library/Android/sdk/ndk/22.0.7026061/toolchains/llvm/prebuilt/darwin-x86_64/lib/gcc/aarch64-linux-android/4.9.x/../../../../aarch64-linux-android/lib] ==> dir [/Users/oleksandrdroid/Library/Android/sdk/ndk/22.0.7026061/toolchains/llvm/prebuilt/darwin-x86_64/lib/gcc/aarch64-linux-android/4.9.x/../../../../aarch64-linux-android/lib]
    arg [-L/Users/oleksandrdroid/Library/Android/sdk/ndk/22.0.7026061/toolchains/llvm/prebuilt/darwin-x86_64/sysroot/usr/lib] ==> dir [/Users/oleksandrdroid/Library/Android/sdk/ndk/22.0.7026061/toolchains/llvm/prebuilt/darwin-x86_64/sysroot/usr/lib]
    arg [--exclude-libs] ==> ignore
    arg [libgcc.a] ==> ignore
    arg [--exclude-libs] ==> ignore
    arg [libgcc_real.a] ==> ignore
    arg [--exclude-libs] ==> ignore
    arg [libatomic.a] ==> ignore
    arg [--build-id=sha1] ==> ignore
    arg [--no-rosegment] ==> ignore
    arg [--fatal-warnings] ==> ignore
    arg [--no-undefined] ==> ignore
    arg [--gc-sections] ==> ignore
    arg [CMakeFiles/cmTC_2dbeb.dir/CMakeCXXCompilerABI.cpp.o] ==> ignore
    arg [-Bstatic] ==> ignore
    arg [-lc++] ==> lib [c++]
    arg [-Bdynamic] ==> ignore
    arg [-lm] ==> lib [m]
    arg [-lgcc] ==> lib [gcc]
    arg [-ldl] ==> lib [dl]
    arg [-lc] ==> lib [c]
    arg [-lgcc] ==> lib [gcc]
    arg [-ldl] ==> lib [dl]
    arg [/Users/oleksandrdroid/Library/Android/sdk/ndk/22.0.7026061/toolchains/llvm/prebuilt/darwin-x86_64/sysroot/usr/lib/aarch64-linux-android/21/crtend_android.o] ==> ignore
  collapse library dir [/Users/oleksandrdroid/Library/Android/sdk/ndk/22.0.7026061/toolchains/llvm/prebuilt/darwin-x86_64/lib64/clang/11.0.5/lib/linux/aarch64] ==> [/Users/oleksandrdroid/Library/Android/sdk/ndk/22.0.7026061/toolchains/llvm/prebuilt/darwin-x86_64/lib64/clang/11.0.5/lib/linux/aarch64]
  collapse library dir [/Users/oleksandrdroid/Library/Android/sdk/ndk/22.0.7026061/toolchains/llvm/prebuilt/darwin-x86_64/lib/gcc/aarch64-linux-android/4.9.x] ==> [/Users/oleksandrdroid/Library/Android/sdk/ndk/22.0.7026061/toolchains/llvm/prebuilt/darwin-x86_64/lib/gcc/aarch64-linux-android/4.9.x]
  collapse library dir [/Users/oleksandrdroid/Library/Android/sdk/ndk/22.0.7026061/toolchains/llvm/prebuilt/darwin-x86_64/lib/gcc/aarch64-linux-android/4.9.x/../../../../aarch64-linux-android/lib/../lib64] ==> [/Users/oleksandrdroid/Library/Android/sdk/ndk/22.0.7026061/toolchains/llvm/prebuilt/darwin-x86_64/aarch64-linux-android/lib64]
  collapse library dir [/Users/oleksandrdroid/Library/Android/sdk/ndk/22.0.7026061/toolchains/llvm/prebuilt/darwin-x86_64/sysroot/usr/lib/aarch64-linux-android/21] ==> [/Users/oleksandrdroid/Library/Android/sdk/ndk/22.0.7026061/toolchains/llvm/prebuilt/darwin-x86_64/sysroot/usr/lib/aarch64-linux-android/21]
  collapse library dir [/Users/oleksandrdroid/Library/Android/sdk/ndk/22.0.7026061/toolchains/llvm/prebuilt/darwin-x86_64/sysroot/usr/lib/aarch64-linux-android] ==> [/Users/oleksandrdroid/Library/Android/sdk/ndk/22.0.7026061/toolchains/llvm/prebuilt/darwin-x86_64/sysroot/usr/lib/aarch64-linux-android]
  collapse library dir [/Users/oleksandrdroid/Library/Android/sdk/ndk/22.0.7026061/toolchains/llvm/prebuilt/darwin-x86_64/lib/gcc/aarch64-linux-android/4.9.x/../../../../aarch64-linux-android/lib] ==> [/Users/oleksandrdroid/Library/Android/sdk/ndk/22.0.7026061/toolchains/llvm/prebuilt/darwin-x86_64/aarch64-linux-android/lib]
  collapse library dir [/Users/oleksandrdroid/Library/Android/sdk/ndk/22.0.7026061/toolchains/llvm/prebuilt/darwin-x86_64/sysroot/usr/lib] ==> [/Users/oleksandrdroid/Library/Android/sdk/ndk/22.0.7026061/toolchains/llvm/prebuilt/darwin-x86_64/sysroot/usr/lib]
  implicit libs: [c++;m;gcc;dl;c;gcc;dl]
  implicit dirs: [/Users/oleksandrdroid/Library/Android/sdk/ndk/22.0.7026061/toolchains/llvm/prebuilt/darwin-x86_64/lib64/clang/11.0.5/lib/linux/aarch64;/Users/oleksandrdroid/Library/Android/sdk/ndk/22.0.7026061/toolchains/llvm/prebuilt/darwin-x86_64/lib/gcc/aarch64-linux-android/4.9.x;/Users/oleksandrdroid/Library/Android/sdk/ndk/22.0.7026061/toolchains/llvm/prebuilt/darwin-x86_64/aarch64-linux-android/lib64;/Users/oleksandrdroid/Library/Android/sdk/ndk/22.0.7026061/toolchains/llvm/prebuilt/darwin-x86_64/sysroot/usr/lib/aarch64-linux-android/21;/Users/oleksandrdroid/Library/Android/sdk/ndk/22.0.7026061/toolchains/llvm/prebuilt/darwin-x86_64/sysroot/usr/lib/aarch64-linux-android;/Users/oleksandrdroid/Library/Android/sdk/ndk/22.0.7026061/toolchains/llvm/prebuilt/darwin-x86_64/aarch64-linux-android/lib;/Users/oleksandrdroid/Library/Android/sdk/ndk/22.0.7026061/toolchains/llvm/prebuilt/darwin-x86_64/sysroot/usr/lib]
  implicit fwks: []




Detecting CXX [-std=c++1z] compiler features compiled with the following output:
Change Dir: /Users/oleksandrdroid/Robosystems/CV_standalone_wang_811/android-2/app/.cxx/cmake/debug/arm64-v8a/CMakeFiles/CMakeTmp

Run Build Command:"/Users/oleksandrdroid/Library/Android/sdk/cmake/3.10.2.4988404/bin/ninja" "cmTC_34bf9"
[1/2] Building CXX object CMakeFiles/cmTC_34bf9.dir/feature_tests.cxx.o
[2/2] Linking CXX executable cmTC_34bf9


    Feature record: CXX_FEATURE:1cxx_aggregate_default_initializers
    Feature record: CXX_FEATURE:1cxx_alias_templates
    Feature record: CXX_FEATURE:1cxx_alignas
    Feature record: CXX_FEATURE:1cxx_alignof
    Feature record: CXX_FEATURE:1cxx_attributes
    Feature record: CXX_FEATURE:1cxx_attribute_deprecated
    Feature record: CXX_FEATURE:1cxx_auto_type
    Feature record: CXX_FEATURE:1cxx_binary_literals
    Feature record: CXX_FEATURE:1cxx_constexpr
    Feature record: CXX_FEATURE:1cxx_contextual_conversions
    Feature record: CXX_FEATURE:1cxx_decltype
    Feature record: CXX_FEATURE:1cxx_decltype_auto
    Feature record: CXX_FEATURE:1cxx_decltype_incomplete_return_types
    Feature record: CXX_FEATURE:1cxx_default_function_template_args
    Feature record: CXX_FEATURE:1cxx_defaulted_functions
    Feature record: CXX_FEATURE:1cxx_defaulted_move_initializers
    Feature record: CXX_FEATURE:1cxx_delegating_constructors
    Feature record: CXX_FEATURE:1cxx_deleted_functions
    Feature record: CXX_FEATURE:1cxx_digit_separators
    Feature record: CXX_FEATURE:1cxx_enum_forward_declarations
    Feature record: CXX_FEATURE:1cxx_explicit_conversions
    Feature record: CXX_FEATURE:1cxx_extended_friend_declarations
    Feature record: CXX_FEATURE:1cxx_extern_templates
    Feature record: CXX_FEATURE:1cxx_final
    Feature record: CXX_FEATURE:1cxx_func_identifier
    Feature record: CXX_FEATURE:1cxx_generalized_initializers
    Feature record: CXX_FEATURE:1cxx_generic_lambdas
    Feature record: CXX_FEATURE:1cxx_inheriting_constructors
    Feature record: CXX_FEATURE:1cxx_inline_namespaces
    Feature record: CXX_FEATURE:1cxx_lambdas
    Feature record: CXX_FEATURE:1cxx_lambda_init_captures
    Feature record: CXX_FEATURE:1cxx_local_type_template_args
    Feature record: CXX_FEATURE:1cxx_long_long_type
    Feature record: CXX_FEATURE:1cxx_noexcept
    Feature record: CXX_FEATURE:1cxx_nonstatic_member_init
    Feature record: CXX_FEATURE:1cxx_nullptr
    Feature record: CXX_FEATURE:1cxx_override
    Feature record: CXX_FEATURE:1cxx_range_for
    Feature record: CXX_FEATURE:1cxx_raw_string_literals
    Feature record: CXX_FEATURE:1cxx_reference_qualified_functions
    Feature record: CXX_FEATURE:1cxx_relaxed_constexpr
    Feature record: CXX_FEATURE:1cxx_return_type_deduction
    Feature record: CXX_FEATURE:1cxx_right_angle_brackets
    Feature record: CXX_FEATURE:1cxx_rvalue_references
    Feature record: CXX_FEATURE:1cxx_sizeof_member
    Feature record: CXX_FEATURE:1cxx_static_assert
    Feature record: CXX_FEATURE:1cxx_strong_enums
    Feature record: CXX_FEATURE:1cxx_template_template_parameters
    Feature record: CXX_FEATURE:1cxx_thread_local
    Feature record: CXX_FEATURE:1cxx_trailing_return_types
    Feature record: CXX_FEATURE:1cxx_unicode_literals
    Feature record: CXX_FEATURE:1cxx_uniform_initialization
    Feature record: CXX_FEATURE:1cxx_unrestricted_unions
    Feature record: CXX_FEATURE:1cxx_user_literals
    Feature record: CXX_FEATURE:1cxx_variable_templates
    Feature record: CXX_FEATURE:1cxx_variadic_macros
    Feature record: CXX_FEATURE:1cxx_variadic_templates


Detecting CXX [-std=c++14] compiler features compiled with the following output:
Change Dir: /Users/oleksandrdroid/Robosystems/CV_standalone_wang_811/android-2/app/.cxx/cmake/debug/arm64-v8a/CMakeFiles/CMakeTmp

Run Build Command:"/Users/oleksandrdroid/Library/Android/sdk/cmake/3.10.2.4988404/bin/ninja" "cmTC_b4a2b"
[1/2] Building CXX object CMakeFiles/cmTC_b4a2b.dir/feature_tests.cxx.o
[2/2] Linking CXX executable cmTC_b4a2b


    Feature record: CXX_FEATURE:1cxx_aggregate_default_initializers
    Feature record: CXX_FEATURE:1cxx_alias_templates
    Feature record: CXX_FEATURE:1cxx_alignas
    Feature record: CXX_FEATURE:1cxx_alignof
    Feature record: CXX_FEATURE:1cxx_attributes
    Feature record: CXX_FEATURE:1cxx_attribute_deprecated
    Feature record: CXX_FEATURE:1cxx_auto_type
    Feature record: CXX_FEATURE:1cxx_binary_literals
    Feature record: CXX_FEATURE:1cxx_constexpr
    Feature record: CXX_FEATURE:1cxx_contextual_conversions
    Feature record: CXX_FEATURE:1cxx_decltype
    Feature record: CXX_FEATURE:1cxx_decltype_auto
    Feature record: CXX_FEATURE:1cxx_decltype_incomplete_return_types
    Feature record: CXX_FEATURE:1cxx_default_function_template_args
    Feature record: CXX_FEATURE:1cxx_defaulted_functions
    Feature record: CXX_FEATURE:1cxx_defaulted_move_initializers
    Feature record: CXX_FEATURE:1cxx_delegating_constructors
    Feature record: CXX_FEATURE:1cxx_deleted_functions
    Feature record: CXX_FEATURE:1cxx_digit_separators
    Feature record: CXX_FEATURE:1cxx_enum_forward_declarations
    Feature record: CXX_FEATURE:1cxx_explicit_conversions
    Feature record: CXX_FEATURE:1cxx_extended_friend_declarations
    Feature record: CXX_FEATURE:1cxx_extern_templates
    Feature record: CXX_FEATURE:1cxx_final
    Feature record: CXX_FEATURE:1cxx_func_identifier
    Feature record: CXX_FEATURE:1cxx_generalized_initializers
    Feature record: CXX_FEATURE:1cxx_generic_lambdas
    Feature record: CXX_FEATURE:1cxx_inheriting_constructors
    Feature record: CXX_FEATURE:1cxx_inline_namespaces
    Feature record: CXX_FEATURE:1cxx_lambdas
    Feature record: CXX_FEATURE:1cxx_lambda_init_captures
    Feature record: CXX_FEATURE:1cxx_local_type_template_args
    Feature record: CXX_FEATURE:1cxx_long_long_type
    Feature record: CXX_FEATURE:1cxx_noexcept
    Feature record: CXX_FEATURE:1cxx_nonstatic_member_init
    Feature record: CXX_FEATURE:1cxx_nullptr
    Feature record: CXX_FEATURE:1cxx_override
    Feature record: CXX_FEATURE:1cxx_range_for
    Feature record: CXX_FEATURE:1cxx_raw_string_literals
    Feature record: CXX_FEATURE:1cxx_reference_qualified_functions
    Feature record: CXX_FEATURE:1cxx_relaxed_constexpr
    Feature record: CXX_FEATURE:1cxx_return_type_deduction
    Feature record: CXX_FEATURE:1cxx_right_angle_brackets
    Feature record: CXX_FEATURE:1cxx_rvalue_references
    Feature record: CXX_FEATURE:1cxx_sizeof_member
    Feature record: CXX_FEATURE:1cxx_static_assert
    Feature record: CXX_FEATURE:1cxx_strong_enums
    Feature record: CXX_FEATURE:1cxx_template_template_parameters
    Feature record: CXX_FEATURE:1cxx_thread_local
    Feature record: CXX_FEATURE:1cxx_trailing_return_types
    Feature record: CXX_FEATURE:1cxx_unicode_literals
    Feature record: CXX_FEATURE:1cxx_uniform_initialization
    Feature record: CXX_FEATURE:1cxx_unrestricted_unions
    Feature record: CXX_FEATURE:1cxx_user_literals
    Feature record: CXX_FEATURE:1cxx_variable_templates
    Feature record: CXX_FEATURE:1cxx_variadic_macros
    Feature record: CXX_FEATURE:1cxx_variadic_templates


Detecting CXX [-std=c++11] compiler features compiled with the following output:
Change Dir: /Users/oleksandrdroid/Robosystems/CV_standalone_wang_811/android-2/app/.cxx/cmake/debug/arm64-v8a/CMakeFiles/CMakeTmp

Run Build Command:"/Users/oleksandrdroid/Library/Android/sdk/cmake/3.10.2.4988404/bin/ninja" "cmTC_09071"
[1/2] Building CXX object CMakeFiles/cmTC_09071.dir/feature_tests.cxx.o
[2/2] Linking CXX executable cmTC_09071


    Feature record: CXX_FEATURE:0cxx_aggregate_default_initializers
    Feature record: CXX_FEATURE:1cxx_alias_templates
    Feature record: CXX_FEATURE:1cxx_alignas
    Feature record: CXX_FEATURE:1cxx_alignof
    Feature record: CXX_FEATURE:1cxx_attributes
    Feature record: CXX_FEATURE:0cxx_attribute_deprecated
    Feature record: CXX_FEATURE:1cxx_auto_type
    Feature record: CXX_FEATURE:0cxx_binary_literals
    Feature record: CXX_FEATURE:1cxx_constexpr
    Feature record: CXX_FEATURE:0cxx_contextual_conversions
    Feature record: CXX_FEATURE:1cxx_decltype
    Feature record: CXX_FEATURE:0cxx_decltype_auto
    Feature record: CXX_FEATURE:1cxx_decltype_incomplete_return_types
    Feature record: CXX_FEATURE:1cxx_default_function_template_args
    Feature record: CXX_FEATURE:1cxx_defaulted_functions
    Feature record: CXX_FEATURE:1cxx_defaulted_move_initializers
    Feature record: CXX_FEATURE:1cxx_delegating_constructors
    Feature record: CXX_FEATURE:1cxx_deleted_functions
    Feature record: CXX_FEATURE:0cxx_digit_separators
    Feature record: CXX_FEATURE:1cxx_enum_forward_declarations
    Feature record: CXX_FEATURE:1cxx_explicit_conversions
    Feature record: CXX_FEATURE:1cxx_extended_friend_declarations
    Feature record: CXX_FEATURE:1cxx_extern_templates
    Feature record: CXX_FEATURE:1cxx_final
    Feature record: CXX_FEATURE:1cxx_func_identifier
    Feature record: CXX_FEATURE:1cxx_generalized_initializers
    Feature record: CXX_FEATURE:0cxx_generic_lambdas
    Feature record: CXX_FEATURE:1cxx_inheriting_constructors
    Feature record: CXX_FEATURE:1cxx_inline_namespaces
    Feature record: CXX_FEATURE:1cxx_lambdas
    Feature record: CXX_FEATURE:0cxx_lambda_init_captures
    Feature record: CXX_FEATURE:1cxx_local_type_template_args
    Feature record: CXX_FEATURE:1cxx_long_long_type
    Feature record: CXX_FEATURE:1cxx_noexcept
    Feature record: CXX_FEATURE:1cxx_nonstatic_member_init
    Feature record: CXX_FEATURE:1cxx_nullptr
    Feature record: CXX_FEATURE:1cxx_override
    Feature record: CXX_FEATURE:1cxx_range_for
    Feature record: CXX_FEATURE:1cxx_raw_string_literals
    Feature record: CXX_FEATURE:1cxx_reference_qualified_functions
    Feature record: CXX_FEATURE:0cxx_relaxed_constexpr
    Feature record: CXX_FEATURE:0cxx_return_type_deduction
    Feature record: CXX_FEATURE:1cxx_right_angle_brackets
    Feature record: CXX_FEATURE:1cxx_rvalue_references
    Feature record: CXX_FEATURE:1cxx_sizeof_member
    Feature record: CXX_FEATURE:1cxx_static_assert
    Feature record: CXX_FEATURE:1cxx_strong_enums
    Feature record: CXX_FEATURE:1cxx_template_template_parameters
    Feature record: CXX_FEATURE:1cxx_thread_local
    Feature record: CXX_FEATURE:1cxx_trailing_return_types
    Feature record: CXX_FEATURE:1cxx_unicode_literals
    Feature record: CXX_FEATURE:1cxx_uniform_initialization
    Feature record: CXX_FEATURE:1cxx_unrestricted_unions
    Feature record: CXX_FEATURE:1cxx_user_literals
    Feature record: CXX_FEATURE:0cxx_variable_templates
    Feature record: CXX_FEATURE:1cxx_variadic_macros
    Feature record: CXX_FEATURE:1cxx_variadic_templates


Detecting CXX [-std=c++98] compiler features compiled with the following output:
Change Dir: /Users/oleksandrdroid/Robosystems/CV_standalone_wang_811/android-2/app/.cxx/cmake/debug/arm64-v8a/CMakeFiles/CMakeTmp

Run Build Command:"/Users/oleksandrdroid/Library/Android/sdk/cmake/3.10.2.4988404/bin/ninja" "cmTC_c7587"
[1/2] Building CXX object CMakeFiles/cmTC_c7587.dir/feature_tests.cxx.o
[2/2] Linking CXX executable cmTC_c7587


    Feature record: CXX_FEATURE:0cxx_aggregate_default_initializers
    Feature record: CXX_FEATURE:0cxx_alias_templates
    Feature record: CXX_FEATURE:0cxx_alignas
    Feature record: CXX_FEATURE:0cxx_alignof
    Feature record: CXX_FEATURE:0cxx_attributes
    Feature record: CXX_FEATURE:0cxx_attribute_deprecated
    Feature record: CXX_FEATURE:0cxx_auto_type
    Feature record: CXX_FEATURE:0cxx_binary_literals
    Feature record: CXX_FEATURE:0cxx_constexpr
    Feature record: CXX_FEATURE:0cxx_contextual_conversions
    Feature record: CXX_FEATURE:0cxx_decltype
    Feature record: CXX_FEATURE:0cxx_decltype_auto
    Feature record: CXX_FEATURE:0cxx_decltype_incomplete_return_types
    Feature record: CXX_FEATURE:0cxx_default_function_template_args
    Feature record: CXX_FEATURE:0cxx_defaulted_functions
    Feature record: CXX_FEATURE:0cxx_defaulted_move_initializers
    Feature record: CXX_FEATURE:0cxx_delegating_constructors
    Feature record: CXX_FEATURE:0cxx_deleted_functions
    Feature record: CXX_FEATURE:0cxx_digit_separators
    Feature record: CXX_FEATURE:0cxx_enum_forward_declarations
    Feature record: CXX_FEATURE:0cxx_explicit_conversions
    Feature record: CXX_FEATURE:0cxx_extended_friend_declarations
    Feature record: CXX_FEATURE:0cxx_extern_templates
    Feature record: CXX_FEATURE:0cxx_final
    Feature record: CXX_FEATURE:0cxx_func_identifier
    Feature record: CXX_FEATURE:0cxx_generalized_initializers
    Feature record: CXX_FEATURE:0cxx_generic_lambdas
    Feature record: CXX_FEATURE:0cxx_inheriting_constructors
    Feature record: CXX_FEATURE:0cxx_inline_namespaces
    Feature record: CXX_FEATURE:0cxx_lambdas
    Feature record: CXX_FEATURE:0cxx_lambda_init_captures
    Feature record: CXX_FEATURE:0cxx_local_type_template_args
    Feature record: CXX_FEATURE:0cxx_long_long_type
    Feature record: CXX_FEATURE:0cxx_noexcept
    Feature record: CXX_FEATURE:0cxx_nonstatic_member_init
    Feature record: CXX_FEATURE:0cxx_nullptr
    Feature record: CXX_FEATURE:0cxx_override
    Feature record: CXX_FEATURE:0cxx_range_for
    Feature record: CXX_FEATURE:0cxx_raw_string_literals
    Feature record: CXX_FEATURE:0cxx_reference_qualified_functions
    Feature record: CXX_FEATURE:0cxx_relaxed_constexpr
    Feature record: CXX_FEATURE:0cxx_return_type_deduction
    Feature record: CXX_FEATURE:0cxx_right_angle_brackets
    Feature record: CXX_FEATURE:0cxx_rvalue_references
    Feature record: CXX_FEATURE:0cxx_sizeof_member
    Feature record: CXX_FEATURE:0cxx_static_assert
    Feature record: CXX_FEATURE:0cxx_strong_enums
    Feature record: CXX_FEATURE:1cxx_template_template_parameters
    Feature record: CXX_FEATURE:0cxx_thread_local
    Feature record: CXX_FEATURE:0cxx_trailing_return_types
    Feature record: CXX_FEATURE:0cxx_unicode_literals
    Feature record: CXX_FEATURE:0cxx_uniform_initialization
    Feature record: CXX_FEATURE:0cxx_unrestricted_unions
    Feature record: CXX_FEATURE:0cxx_user_literals
    Feature record: CXX_FEATURE:0cxx_variable_templates
    Feature record: CXX_FEATURE:0cxx_variadic_macros
    Feature record: CXX_FEATURE:0cxx_variadic_templates
Detecting C OpenMP compiler ABI info compiled with the following output:
Change Dir: /Users/oleksandrdroid/Robosystems/CV_standalone_wang_811/android-2/app/.cxx/cmake/debug/arm64-v8a/CMakeFiles/CMakeTmp

Run Build Command:"/Users/oleksandrdroid/Library/Android/sdk/cmake/3.10.2.4988404/bin/ninja" "cmTC_034f9"
[1/2] Building C object CMakeFiles/cmTC_034f9.dir/OpenMPTryFlag.c.o
Android (6875598, based on r399163b) clang version 11.0.5 (https://android.googlesource.com/toolchain/llvm-project 87f1315dfbea7c137aa2e6d362dbb457e388158d)
Target: aarch64-none-linux-android21
Thread model: posix
InstalledDir: /Users/oleksandrdroid/Library/Android/sdk/ndk/22.0.7026061/toolchains/llvm/prebuilt/darwin-x86_64/bin
Found candidate GCC installation: /Users/oleksandrdroid/Library/Android/sdk/ndk/22.0.7026061/toolchains/llvm/prebuilt/darwin-x86_64/lib/gcc/aarch64-linux-android/4.9.x
Selected GCC installation: /Users/oleksandrdroid/Library/Android/sdk/ndk/22.0.7026061/toolchains/llvm/prebuilt/darwin-x86_64/lib/gcc/aarch64-linux-android/4.9.x
Candidate multilib: .;@m64
Selected multilib: .;@m64
 (in-process)
 "/Users/oleksandrdroid/Library/Android/sdk/ndk/22.0.7026061/toolchains/llvm/prebuilt/darwin-x86_64/bin/clang" -cc1 -triple aarch64-none-linux-android21 -emit-obj -mrelax-all -mnoexecstack -disable-free -disable-llvm-verifier -discard-value-names -main-file-name OpenMPTryFlag.c -mrelocation-model pic -pic-level 2 -pic-is-pie -mframe-pointer=non-leaf -fno-rounding-math -mconstructor-aliases -munwind-tables -target-cpu generic -target-feature +neon -target-abi aapcs -mllvm -aarch64-fix-cortex-a53-835769=1 -fallow-half-arguments-and-returns -fno-split-dwarf-inlining -debug-info-kind=limited -dwarf-version=4 -debugger-tuning=gdb -target-linker-version 305 -v -ffunction-sections -fdata-sections -resource-dir /Users/oleksandrdroid/Library/Android/sdk/ndk/22.0.7026061/toolchains/llvm/prebuilt/darwin-x86_64/lib64/clang/11.0.5 -D ANDROID -D _FORTIFY_SOURCE=2 -isysroot /Users/oleksandrdroid/Library/Android/sdk/ndk/22.0.7026061/toolchains/llvm/prebuilt/darwin-x86_64/sysroot -internal-isystem /Users/oleksandrdroid/Library/Android/sdk/ndk/22.0.7026061/toolchains/llvm/prebuilt/darwin-x86_64/sysroot/usr/local/include -internal-isystem /Users/oleksandrdroid/Library/Android/sdk/ndk/22.0.7026061/toolchains/llvm/prebuilt/darwin-x86_64/lib64/clang/11.0.5/include -internal-externc-isystem /Users/oleksandrdroid/Library/Android/sdk/ndk/22.0.7026061/toolchains/llvm/prebuilt/darwin-x86_64/sysroot/usr/include/aarch64-linux-android -internal-externc-isystem /Users/oleksandrdroid/Library/Android/sdk/ndk/22.0.7026061/toolchains/llvm/prebuilt/darwin-x86_64/sysroot/include -internal-externc-isystem /Users/oleksandrdroid/Library/Android/sdk/ndk/22.0.7026061/toolchains/llvm/prebuilt/darwin-x86_64/sysroot/usr/include -Wformat -Werror=format-security -fdebug-compilation-dir /Users/oleksandrdroid/Robosystems/CV_standalone_wang_811/android-2/app/.cxx/cmake/debug/arm64-v8a/CMakeFiles/CMakeTmp -ferror-limit 19 -fopenmp -fopenmp-cuda-parallel-target-regions -stack-protector 2 -fno-signed-char -fgnuc-version=4.2.1 -o CMakeFiles/cmTC_034f9.dir/OpenMPTryFlag.c.o -x c /Users/oleksandrdroid/Robosystems/CV_standalone_wang_811/android-2/app/.cxx/cmake/debug/arm64-v8a/CMakeFiles/FindOpenMP/OpenMPTryFlag.c
clang -cc1 version 11.0.5 based upon LLVM 11.0.5git default target x86_64-apple-darwin21.1.0
ignoring nonexistent directory "/Users/oleksandrdroid/Library/Android/sdk/ndk/22.0.7026061/toolchains/llvm/prebuilt/darwin-x86_64/sysroot/include"
#include "..." search starts here:
#include <...> search starts here:
 /Users/oleksandrdroid/Library/Android/sdk/ndk/22.0.7026061/toolchains/llvm/prebuilt/darwin-x86_64/sysroot/usr/local/include
 /Users/oleksandrdroid/Library/Android/sdk/ndk/22.0.7026061/toolchains/llvm/prebuilt/darwin-x86_64/lib64/clang/11.0.5/include
 /Users/oleksandrdroid/Library/Android/sdk/ndk/22.0.7026061/toolchains/llvm/prebuilt/darwin-x86_64/sysroot/usr/include/aarch64-linux-android
 /Users/oleksandrdroid/Library/Android/sdk/ndk/22.0.7026061/toolchains/llvm/prebuilt/darwin-x86_64/sysroot/usr/include
End of search list.
[2/2] Linking C executable cmTC_034f9
Android (6875598, based on r399163b) clang version 11.0.5 (https://android.googlesource.com/toolchain/llvm-project 87f1315dfbea7c137aa2e6d362dbb457e388158d)
Target: aarch64-none-linux-android21
Thread model: posix
InstalledDir: /Users/oleksandrdroid/Library/Android/sdk/ndk/22.0.7026061/toolchains/llvm/prebuilt/darwin-x86_64/bin
Found candidate GCC installation: /Users/oleksandrdroid/Library/Android/sdk/ndk/22.0.7026061/toolchains/llvm/prebuilt/darwin-x86_64/lib/gcc/aarch64-linux-android/4.9.x
Selected GCC installation: /Users/oleksandrdroid/Library/Android/sdk/ndk/22.0.7026061/toolchains/llvm/prebuilt/darwin-x86_64/lib/gcc/aarch64-linux-android/4.9.x
Candidate multilib: .;@m64
Selected multilib: .;@m64
 "/Users/oleksandrdroid/Library/Android/sdk/ndk/22.0.7026061/toolchains/llvm/prebuilt/darwin-x86_64/bin/ld" --sysroot=/Users/oleksandrdroid/Library/Android/sdk/ndk/22.0.7026061/toolchains/llvm/prebuilt/darwin-x86_64/sysroot -pie -z noexecstack -EL --fix-cortex-a53-843419 --warn-shared-textrel -z now -z relro -z max-page-size=4096 --hash-style=both --enable-new-dtags --eh-frame-hdr -m aarch64linux -dynamic-linker /system/bin/linker64 -o cmTC_034f9 /Users/oleksandrdroid/Library/Android/sdk/ndk/22.0.7026061/toolchains/llvm/prebuilt/darwin-x86_64/sysroot/usr/lib/aarch64-linux-android/21/crtbegin_dynamic.o -L/Users/oleksandrdroid/Library/Android/sdk/ndk/22.0.7026061/toolchains/llvm/prebuilt/darwin-x86_64/lib64/clang/11.0.5/lib/linux/aarch64 -L/Users/oleksandrdroid/Library/Android/sdk/ndk/22.0.7026061/toolchains/llvm/prebuilt/darwin-x86_64/lib/gcc/aarch64-linux-android/4.9.x -L/Users/oleksandrdroid/Library/Android/sdk/ndk/22.0.7026061/toolchains/llvm/prebuilt/darwin-x86_64/lib/gcc/aarch64-linux-android/4.9.x/../../../../aarch64-linux-android/lib/../lib64 -L/Users/oleksandrdroid/Library/Android/sdk/ndk/22.0.7026061/toolchains/llvm/prebuilt/darwin-x86_64/sysroot/usr/lib/aarch64-linux-android/21 -L/Users/oleksandrdroid/Library/Android/sdk/ndk/22.0.7026061/toolchains/llvm/prebuilt/darwin-x86_64/sysroot/usr/lib/aarch64-linux-android -L/Users/oleksandrdroid/Library/Android/sdk/ndk/22.0.7026061/toolchains/llvm/prebuilt/darwin-x86_64/lib/gcc/aarch64-linux-android/4.9.x/../../../../aarch64-linux-android/lib -L/Users/oleksandrdroid/Library/Android/sdk/ndk/22.0.7026061/toolchains/llvm/prebuilt/darwin-x86_64/sysroot/usr/lib --exclude-libs libgcc.a --exclude-libs libgcc_real.a --exclude-libs libatomic.a --build-id=sha1 --no-rosegment --fatal-warnings --no-undefined --gc-sections CMakeFiles/cmTC_034f9.dir/OpenMPTryFlag.c.o -latomic -lm -lomp -lgcc -ldl -lc -lgcc -ldl /Users/oleksandrdroid/Library/Android/sdk/ndk/22.0.7026061/toolchains/llvm/prebuilt/darwin-x86_64/sysroot/usr/lib/aarch64-linux-android/21/crtend_android.o


Parsed C OpenMP implicit link information from above output:
  link line regex: [^( *|.*[/\])(CMAKE_LINKER-NOTFOUND|CMAKE_LINK_STARTFILE-NOTFOUND|([^/\]+-)?ld|collect2)[^/\]*( |$)]
  ignore line: [Change Dir: /Users/oleksandrdroid/Robosystems/CV_standalone_wang_811/android-2/app/.cxx/cmake/debug/arm64-v8a/CMakeFiles/CMakeTmp]
  ignore line: []
  ignore line: [Run Build Command:"/Users/oleksandrdroid/Library/Android/sdk/cmake/3.10.2.4988404/bin/ninja" "cmTC_034f9"]
  ignore line: [[1/2] Building C object CMakeFiles/cmTC_034f9.dir/OpenMPTryFlag.c.o]
  ignore line: [Android (6875598, based on r399163b) clang version 11.0.5 (https://android.googlesource.com/toolchain/llvm-project 87f1315dfbea7c137aa2e6d362dbb457e388158d)]
  ignore line: [Target: aarch64-none-linux-android21]
  ignore line: [Thread model: posix]
  ignore line: [InstalledDir: /Users/oleksandrdroid/Library/Android/sdk/ndk/22.0.7026061/toolchains/llvm/prebuilt/darwin-x86_64/bin]
  ignore line: [Found candidate GCC installation: /Users/oleksandrdroid/Library/Android/sdk/ndk/22.0.7026061/toolchains/llvm/prebuilt/darwin-x86_64/lib/gcc/aarch64-linux-android/4.9.x]
  ignore line: [Selected GCC installation: /Users/oleksandrdroid/Library/Android/sdk/ndk/22.0.7026061/toolchains/llvm/prebuilt/darwin-x86_64/lib/gcc/aarch64-linux-android/4.9.x]
  ignore line: [Candidate multilib: .]
  ignore line: [@m64]
  ignore line: [Selected multilib: .]
  ignore line: [@m64]
  ignore line: [ (in-process)]
  ignore line: [ "/Users/oleksandrdroid/Library/Android/sdk/ndk/22.0.7026061/toolchains/llvm/prebuilt/darwin-x86_64/bin/clang" -cc1 -triple aarch64-none-linux-android21 -emit-obj -mrelax-all -mnoexecstack -disable-free -disable-llvm-verifier -discard-value-names -main-file-name OpenMPTryFlag.c -mrelocation-model pic -pic-level 2 -pic-is-pie -mframe-pointer=non-leaf -fno-rounding-math -mconstructor-aliases -munwind-tables -target-cpu generic -target-feature +neon -target-abi aapcs -mllvm -aarch64-fix-cortex-a53-835769=1 -fallow-half-arguments-and-returns -fno-split-dwarf-inlining -debug-info-kind=limited -dwarf-version=4 -debugger-tuning=gdb -target-linker-version 305 -v -ffunction-sections -fdata-sections -resource-dir /Users/oleksandrdroid/Library/Android/sdk/ndk/22.0.7026061/toolchains/llvm/prebuilt/darwin-x86_64/lib64/clang/11.0.5 -D ANDROID -D _FORTIFY_SOURCE=2 -isysroot /Users/oleksandrdroid/Library/Android/sdk/ndk/22.0.7026061/toolchains/llvm/prebuilt/darwin-x86_64/sysroot -internal-isystem /Users/oleksandrdroid/Library/Android/sdk/ndk/22.0.7026061/toolchains/llvm/prebuilt/darwin-x86_64/sysroot/usr/local/include -internal-isystem /Users/oleksandrdroid/Library/Android/sdk/ndk/22.0.7026061/toolchains/llvm/prebuilt/darwin-x86_64/lib64/clang/11.0.5/include -internal-externc-isystem /Users/oleksandrdroid/Library/Android/sdk/ndk/22.0.7026061/toolchains/llvm/prebuilt/darwin-x86_64/sysroot/usr/include/aarch64-linux-android -internal-externc-isystem /Users/oleksandrdroid/Library/Android/sdk/ndk/22.0.7026061/toolchains/llvm/prebuilt/darwin-x86_64/sysroot/include -internal-externc-isystem /Users/oleksandrdroid/Library/Android/sdk/ndk/22.0.7026061/toolchains/llvm/prebuilt/darwin-x86_64/sysroot/usr/include -Wformat -Werror=format-security -fdebug-compilation-dir /Users/oleksandrdroid/Robosystems/CV_standalone_wang_811/android-2/app/.cxx/cmake/debug/arm64-v8a/CMakeFiles/CMakeTmp -ferror-limit 19 -fopenmp -fopenmp-cuda-parallel-target-regions -stack-protector 2 -fno-signed-char -fgnuc-version=4.2.1 -o CMakeFiles/cmTC_034f9.dir/OpenMPTryFlag.c.o -x c /Users/oleksandrdroid/Robosystems/CV_standalone_wang_811/android-2/app/.cxx/cmake/debug/arm64-v8a/CMakeFiles/FindOpenMP/OpenMPTryFlag.c]
  ignore line: [clang -cc1 version 11.0.5 based upon LLVM 11.0.5git default target x86_64-apple-darwin21.1.0]
  ignore line: [ignoring nonexistent directory "/Users/oleksandrdroid/Library/Android/sdk/ndk/22.0.7026061/toolchains/llvm/prebuilt/darwin-x86_64/sysroot/include"]
  ignore line: [#include "..." search starts here:]
  ignore line: [#include <...> search starts here:]
  ignore line: [ /Users/oleksandrdroid/Library/Android/sdk/ndk/22.0.7026061/toolchains/llvm/prebuilt/darwin-x86_64/sysroot/usr/local/include]
  ignore line: [ /Users/oleksandrdroid/Library/Android/sdk/ndk/22.0.7026061/toolchains/llvm/prebuilt/darwin-x86_64/lib64/clang/11.0.5/include]
  ignore line: [ /Users/oleksandrdroid/Library/Android/sdk/ndk/22.0.7026061/toolchains/llvm/prebuilt/darwin-x86_64/sysroot/usr/include/aarch64-linux-android]
  ignore line: [ /Users/oleksandrdroid/Library/Android/sdk/ndk/22.0.7026061/toolchains/llvm/prebuilt/darwin-x86_64/sysroot/usr/include]
  ignore line: [End of search list.]
  ignore line: [[2/2] Linking C executable cmTC_034f9]
  ignore line: [Android (6875598, based on r399163b) clang version 11.0.5 (https://android.googlesource.com/toolchain/llvm-project 87f1315dfbea7c137aa2e6d362dbb457e388158d)]
  ignore line: [Target: aarch64-none-linux-android21]
  ignore line: [Thread model: posix]
  ignore line: [InstalledDir: /Users/oleksandrdroid/Library/Android/sdk/ndk/22.0.7026061/toolchains/llvm/prebuilt/darwin-x86_64/bin]
  ignore line: [Found candidate GCC installation: /Users/oleksandrdroid/Library/Android/sdk/ndk/22.0.7026061/toolchains/llvm/prebuilt/darwin-x86_64/lib/gcc/aarch64-linux-android/4.9.x]
  ignore line: [Selected GCC installation: /Users/oleksandrdroid/Library/Android/sdk/ndk/22.0.7026061/toolchains/llvm/prebuilt/darwin-x86_64/lib/gcc/aarch64-linux-android/4.9.x]
  ignore line: [Candidate multilib: .]
  ignore line: [@m64]
  ignore line: [Selected multilib: .]
  ignore line: [@m64]
  link line: [ "/Users/oleksandrdroid/Library/Android/sdk/ndk/22.0.7026061/toolchains/llvm/prebuilt/darwin-x86_64/bin/ld" --sysroot=/Users/oleksandrdroid/Library/Android/sdk/ndk/22.0.7026061/toolchains/llvm/prebuilt/darwin-x86_64/sysroot -pie -z noexecstack -EL --fix-cortex-a53-843419 --warn-shared-textrel -z now -z relro -z max-page-size=4096 --hash-style=both --enable-new-dtags --eh-frame-hdr -m aarch64linux -dynamic-linker /system/bin/linker64 -o cmTC_034f9 /Users/oleksandrdroid/Library/Android/sdk/ndk/22.0.7026061/toolchains/llvm/prebuilt/darwin-x86_64/sysroot/usr/lib/aarch64-linux-android/21/crtbegin_dynamic.o -L/Users/oleksandrdroid/Library/Android/sdk/ndk/22.0.7026061/toolchains/llvm/prebuilt/darwin-x86_64/lib64/clang/11.0.5/lib/linux/aarch64 -L/Users/oleksandrdroid/Library/Android/sdk/ndk/22.0.7026061/toolchains/llvm/prebuilt/darwin-x86_64/lib/gcc/aarch64-linux-android/4.9.x -L/Users/oleksandrdroid/Library/Android/sdk/ndk/22.0.7026061/toolchains/llvm/prebuilt/darwin-x86_64/lib/gcc/aarch64-linux-android/4.9.x/../../../../aarch64-linux-android/lib/../lib64 -L/Users/oleksandrdroid/Library/Android/sdk/ndk/22.0.7026061/toolchains/llvm/prebuilt/darwin-x86_64/sysroot/usr/lib/aarch64-linux-android/21 -L/Users/oleksandrdroid/Library/Android/sdk/ndk/22.0.7026061/toolchains/llvm/prebuilt/darwin-x86_64/sysroot/usr/lib/aarch64-linux-android -L/Users/oleksandrdroid/Library/Android/sdk/ndk/22.0.7026061/toolchains/llvm/prebuilt/darwin-x86_64/lib/gcc/aarch64-linux-android/4.9.x/../../../../aarch64-linux-android/lib -L/Users/oleksandrdroid/Library/Android/sdk/ndk/22.0.7026061/toolchains/llvm/prebuilt/darwin-x86_64/sysroot/usr/lib --exclude-libs libgcc.a --exclude-libs libgcc_real.a --exclude-libs libatomic.a --build-id=sha1 --no-rosegment --fatal-warnings --no-undefined --gc-sections CMakeFiles/cmTC_034f9.dir/OpenMPTryFlag.c.o -latomic -lm -lomp -lgcc -ldl -lc -lgcc -ldl /Users/oleksandrdroid/Library/Android/sdk/ndk/22.0.7026061/toolchains/llvm/prebuilt/darwin-x86_64/sysroot/usr/lib/aarch64-linux-android/21/crtend_android.o]
    arg [/Users/oleksandrdroid/Library/Android/sdk/ndk/22.0.7026061/toolchains/llvm/prebuilt/darwin-x86_64/bin/ld] ==> ignore
    arg [--sysroot=/Users/oleksandrdroid/Library/Android/sdk/ndk/22.0.7026061/toolchains/llvm/prebuilt/darwin-x86_64/sysroot] ==> ignore
    arg [-pie] ==> ignore
    arg [-znoexecstack] ==> ignore
    arg [-EL] ==> ignore
    arg [--fix-cortex-a53-843419] ==> ignore
    arg [--warn-shared-textrel] ==> ignore
    arg [-znow] ==> ignore
    arg [-zrelro] ==> ignore
    arg [-zmax-page-size=4096] ==> ignore
    arg [--hash-style=both] ==> ignore
    arg [--enable-new-dtags] ==> ignore
    arg [--eh-frame-hdr] ==> ignore
    arg [-m] ==> ignore
    arg [aarch64linux] ==> ignore
    arg [-dynamic-linker] ==> ignore
    arg [/system/bin/linker64] ==> ignore
    arg [-o] ==> ignore
    arg [cmTC_034f9] ==> ignore
    arg [/Users/oleksandrdroid/Library/Android/sdk/ndk/22.0.7026061/toolchains/llvm/prebuilt/darwin-x86_64/sysroot/usr/lib/aarch64-linux-android/21/crtbegin_dynamic.o] ==> ignore
    arg [-L/Users/oleksandrdroid/Library/Android/sdk/ndk/22.0.7026061/toolchains/llvm/prebuilt/darwin-x86_64/lib64/clang/11.0.5/lib/linux/aarch64] ==> dir [/Users/oleksandrdroid/Library/Android/sdk/ndk/22.0.7026061/toolchains/llvm/prebuilt/darwin-x86_64/lib64/clang/11.0.5/lib/linux/aarch64]
    arg [-L/Users/oleksandrdroid/Library/Android/sdk/ndk/22.0.7026061/toolchains/llvm/prebuilt/darwin-x86_64/lib/gcc/aarch64-linux-android/4.9.x] ==> dir [/Users/oleksandrdroid/Library/Android/sdk/ndk/22.0.7026061/toolchains/llvm/prebuilt/darwin-x86_64/lib/gcc/aarch64-linux-android/4.9.x]
    arg [-L/Users/oleksandrdroid/Library/Android/sdk/ndk/22.0.7026061/toolchains/llvm/prebuilt/darwin-x86_64/lib/gcc/aarch64-linux-android/4.9.x/../../../../aarch64-linux-android/lib/../lib64] ==> dir [/Users/oleksandrdroid/Library/Android/sdk/ndk/22.0.7026061/toolchains/llvm/prebuilt/darwin-x86_64/lib/gcc/aarch64-linux-android/4.9.x/../../../../aarch64-linux-android/lib/../lib64]
    arg [-L/Users/oleksandrdroid/Library/Android/sdk/ndk/22.0.7026061/toolchains/llvm/prebuilt/darwin-x86_64/sysroot/usr/lib/aarch64-linux-android/21] ==> dir [/Users/oleksandrdroid/Library/Android/sdk/ndk/22.0.7026061/toolchains/llvm/prebuilt/darwin-x86_64/sysroot/usr/lib/aarch64-linux-android/21]
    arg [-L/Users/oleksandrdroid/Library/Android/sdk/ndk/22.0.7026061/toolchains/llvm/prebuilt/darwin-x86_64/sysroot/usr/lib/aarch64-linux-android] ==> dir [/Users/oleksandrdroid/Library/Android/sdk/ndk/22.0.7026061/toolchains/llvm/prebuilt/darwin-x86_64/sysroot/usr/lib/aarch64-linux-android]
    arg [-L/Users/oleksandrdroid/Library/Android/sdk/ndk/22.0.7026061/toolchains/llvm/prebuilt/darwin-x86_64/lib/gcc/aarch64-linux-android/4.9.x/../../../../aarch64-linux-android/lib] ==> dir [/Users/oleksandrdroid/Library/Android/sdk/ndk/22.0.7026061/toolchains/llvm/prebuilt/darwin-x86_64/lib/gcc/aarch64-linux-android/4.9.x/../../../../aarch64-linux-android/lib]
    arg [-L/Users/oleksandrdroid/Library/Android/sdk/ndk/22.0.7026061/toolchains/llvm/prebuilt/darwin-x86_64/sysroot/usr/lib] ==> dir [/Users/oleksandrdroid/Library/Android/sdk/ndk/22.0.7026061/toolchains/llvm/prebuilt/darwin-x86_64/sysroot/usr/lib]
    arg [--exclude-libs] ==> ignore
    arg [libgcc.a] ==> ignore
    arg [--exclude-libs] ==> ignore
    arg [libgcc_real.a] ==> ignore
    arg [--exclude-libs] ==> ignore
    arg [libatomic.a] ==> ignore
    arg [--build-id=sha1] ==> ignore
    arg [--no-rosegment] ==> ignore
    arg [--fatal-warnings] ==> ignore
    arg [--no-undefined] ==> ignore
    arg [--gc-sections] ==> ignore
    arg [CMakeFiles/cmTC_034f9.dir/OpenMPTryFlag.c.o] ==> ignore
    arg [-latomic] ==> lib [atomic]
    arg [-lm] ==> lib [m]
    arg [-lomp] ==> lib [omp]
    arg [-lgcc] ==> lib [gcc]
    arg [-ldl] ==> lib [dl]
    arg [-lc] ==> lib [c]
    arg [-lgcc] ==> lib [gcc]
    arg [-ldl] ==> lib [dl]
    arg [/Users/oleksandrdroid/Library/Android/sdk/ndk/22.0.7026061/toolchains/llvm/prebuilt/darwin-x86_64/sysroot/usr/lib/aarch64-linux-android/21/crtend_android.o] ==> ignore
  collapse library dir [/Users/oleksandrdroid/Library/Android/sdk/ndk/22.0.7026061/toolchains/llvm/prebuilt/darwin-x86_64/lib64/clang/11.0.5/lib/linux/aarch64] ==> [/Users/oleksandrdroid/Library/Android/sdk/ndk/22.0.7026061/toolchains/llvm/prebuilt/darwin-x86_64/lib64/clang/11.0.5/lib/linux/aarch64]
  collapse library dir [/Users/oleksandrdroid/Library/Android/sdk/ndk/22.0.7026061/toolchains/llvm/prebuilt/darwin-x86_64/lib/gcc/aarch64-linux-android/4.9.x] ==> [/Users/oleksandrdroid/Library/Android/sdk/ndk/22.0.7026061/toolchains/llvm/prebuilt/darwin-x86_64/lib/gcc/aarch64-linux-android/4.9.x]
  collapse library dir [/Users/oleksandrdroid/Library/Android/sdk/ndk/22.0.7026061/toolchains/llvm/prebuilt/darwin-x86_64/lib/gcc/aarch64-linux-android/4.9.x/../../../../aarch64-linux-android/lib/../lib64] ==> [/Users/oleksandrdroid/Library/Android/sdk/ndk/22.0.7026061/toolchains/llvm/prebuilt/darwin-x86_64/aarch64-linux-android/lib64]
  collapse library dir [/Users/oleksandrdroid/Library/Android/sdk/ndk/22.0.7026061/toolchains/llvm/prebuilt/darwin-x86_64/sysroot/usr/lib/aarch64-linux-android/21] ==> [/Users/oleksandrdroid/Library/Android/sdk/ndk/22.0.7026061/toolchains/llvm/prebuilt/darwin-x86_64/sysroot/usr/lib/aarch64-linux-android/21]
  collapse library dir [/Users/oleksandrdroid/Library/Android/sdk/ndk/22.0.7026061/toolchains/llvm/prebuilt/darwin-x86_64/sysroot/usr/lib/aarch64-linux-android] ==> [/Users/oleksandrdroid/Library/Android/sdk/ndk/22.0.7026061/toolchains/llvm/prebuilt/darwin-x86_64/sysroot/usr/lib/aarch64-linux-android]
  collapse library dir [/Users/oleksandrdroid/Library/Android/sdk/ndk/22.0.7026061/toolchains/llvm/prebuilt/darwin-x86_64/lib/gcc/aarch64-linux-android/4.9.x/../../../../aarch64-linux-android/lib] ==> [/Users/oleksandrdroid/Library/Android/sdk/ndk/22.0.7026061/toolchains/llvm/prebuilt/darwin-x86_64/aarch64-linux-android/lib]
  collapse library dir [/Users/oleksandrdroid/Library/Android/sdk/ndk/22.0.7026061/toolchains/llvm/prebuilt/darwin-x86_64/sysroot/usr/lib] ==> [/Users/oleksandrdroid/Library/Android/sdk/ndk/22.0.7026061/toolchains/llvm/prebuilt/darwin-x86_64/sysroot/usr/lib]
  implicit libs: [atomic;m;omp;gcc;dl;c;gcc;dl]
  implicit dirs: [/Users/oleksandrdroid/Library/Android/sdk/ndk/22.0.7026061/toolchains/llvm/prebuilt/darwin-x86_64/lib64/clang/11.0.5/lib/linux/aarch64;/Users/oleksandrdroid/Library/Android/sdk/ndk/22.0.7026061/toolchains/llvm/prebuilt/darwin-x86_64/lib/gcc/aarch64-linux-android/4.9.x;/Users/oleksandrdroid/Library/Android/sdk/ndk/22.0.7026061/toolchains/llvm/prebuilt/darwin-x86_64/aarch64-linux-android/lib64;/Users/oleksandrdroid/Library/Android/sdk/ndk/22.0.7026061/toolchains/llvm/prebuilt/darwin-x86_64/sysroot/usr/lib/aarch64-linux-android/21;/Users/oleksandrdroid/Library/Android/sdk/ndk/22.0.7026061/toolchains/llvm/prebuilt/darwin-x86_64/sysroot/usr/lib/aarch64-linux-android;/Users/oleksandrdroid/Library/Android/sdk/ndk/22.0.7026061/toolchains/llvm/prebuilt/darwin-x86_64/aarch64-linux-android/lib;/Users/oleksandrdroid/Library/Android/sdk/ndk/22.0.7026061/toolchains/llvm/prebuilt/darwin-x86_64/sysroot/usr/lib]
  implicit fwks: []


Detecting CXX OpenMP compiler ABI info compiled with the following output:
Change Dir: /Users/oleksandrdroid/Robosystems/CV_standalone_wang_811/android-2/app/.cxx/cmake/debug/arm64-v8a/CMakeFiles/CMakeTmp

Run Build Command:"/Users/oleksandrdroid/Library/Android/sdk/cmake/3.10.2.4988404/bin/ninja" "cmTC_7b270"
[1/2] Building CXX object CMakeFiles/cmTC_7b270.dir/OpenMPTryFlag.cpp.o
Android (6875598, based on r399163b) clang version 11.0.5 (https://android.googlesource.com/toolchain/llvm-project 87f1315dfbea7c137aa2e6d362dbb457e388158d)
Target: aarch64-none-linux-android21
Thread model: posix
InstalledDir: /Users/oleksandrdroid/Library/Android/sdk/ndk/22.0.7026061/toolchains/llvm/prebuilt/darwin-x86_64/bin
Found candidate GCC installation: /Users/oleksandrdroid/Library/Android/sdk/ndk/22.0.7026061/toolchains/llvm/prebuilt/darwin-x86_64/lib/gcc/aarch64-linux-android/4.9.x
Selected GCC installation: /Users/oleksandrdroid/Library/Android/sdk/ndk/22.0.7026061/toolchains/llvm/prebuilt/darwin-x86_64/lib/gcc/aarch64-linux-android/4.9.x
Candidate multilib: .;@m64
Selected multilib: .;@m64
 (in-process)
 "/Users/oleksandrdroid/Library/Android/sdk/ndk/22.0.7026061/toolchains/llvm/prebuilt/darwin-x86_64/bin/clang++" -cc1 -triple aarch64-none-linux-android21 -emit-obj -mrelax-all -mnoexecstack -disable-free -disable-llvm-verifier -discard-value-names -main-file-name OpenMPTryFlag.cpp -mrelocation-model pic -pic-level 2 -pic-is-pie -mframe-pointer=non-leaf -fno-rounding-math -mconstructor-aliases -munwind-tables -target-cpu generic -target-feature +neon -target-abi aapcs -mllvm -aarch64-fix-cortex-a53-835769=1 -fallow-half-arguments-and-returns -fno-split-dwarf-inlining -debug-info-kind=limited -dwarf-version=4 -debugger-tuning=gdb -target-linker-version 305 -v -ffunction-sections -fdata-sections -resource-dir /Users/oleksandrdroid/Library/Android/sdk/ndk/22.0.7026061/toolchains/llvm/prebuilt/darwin-x86_64/lib64/clang/11.0.5 -D ANDROID -D _FORTIFY_SOURCE=2 -isysroot /Users/oleksandrdroid/Library/Android/sdk/ndk/22.0.7026061/toolchains/llvm/prebuilt/darwin-x86_64/sysroot -internal-isystem /Users/oleksandrdroid/Library/Android/sdk/ndk/22.0.7026061/toolchains/llvm/prebuilt/darwin-x86_64/sysroot/usr/include/c++/v1 -internal-isystem /Users/oleksandrdroid/Library/Android/sdk/ndk/22.0.7026061/toolchains/llvm/prebuilt/darwin-x86_64/sysroot/usr/local/include -internal-isystem /Users/oleksandrdroid/Library/Android/sdk/ndk/22.0.7026061/toolchains/llvm/prebuilt/darwin-x86_64/lib64/clang/11.0.5/include -internal-externc-isystem /Users/oleksandrdroid/Library/Android/sdk/ndk/22.0.7026061/toolchains/llvm/prebuilt/darwin-x86_64/sysroot/usr/include/aarch64-linux-android -internal-externc-isystem /Users/oleksandrdroid/Library/Android/sdk/ndk/22.0.7026061/toolchains/llvm/prebuilt/darwin-x86_64/sysroot/include -internal-externc-isystem /Users/oleksandrdroid/Library/Android/sdk/ndk/22.0.7026061/toolchains/llvm/prebuilt/darwin-x86_64/sysroot/usr/include -Wformat -Werror=format-security -fdeprecated-macro -fdebug-compilation-dir /Users/oleksandrdroid/Robosystems/CV_standalone_wang_811/android-2/app/.cxx/cmake/debug/arm64-v8a/CMakeFiles/CMakeTmp -ferror-limit 19 -fopenmp -fopenmp-cuda-parallel-target-regions -stack-protector 2 -fno-signed-char -fgnuc-version=4.2.1 -fcxx-exceptions -fexceptions -o CMakeFiles/cmTC_7b270.dir/OpenMPTryFlag.cpp.o -x c++ /Users/oleksandrdroid/Robosystems/CV_standalone_wang_811/android-2/app/.cxx/cmake/debug/arm64-v8a/CMakeFiles/FindOpenMP/OpenMPTryFlag.cpp
clang -cc1 version 11.0.5 based upon LLVM 11.0.5git default target x86_64-apple-darwin21.1.0
ignoring nonexistent directory "/Users/oleksandrdroid/Library/Android/sdk/ndk/22.0.7026061/toolchains/llvm/prebuilt/darwin-x86_64/sysroot/include"
#include "..." search starts here:
#include <...> search starts here:
 /Users/oleksandrdroid/Library/Android/sdk/ndk/22.0.7026061/toolchains/llvm/prebuilt/darwin-x86_64/sysroot/usr/include/c++/v1
 /Users/oleksandrdroid/Library/Android/sdk/ndk/22.0.7026061/toolchains/llvm/prebuilt/darwin-x86_64/sysroot/usr/local/include
 /Users/oleksandrdroid/Library/Android/sdk/ndk/22.0.7026061/toolchains/llvm/prebuilt/darwin-x86_64/lib64/clang/11.0.5/include
 /Users/oleksandrdroid/Library/Android/sdk/ndk/22.0.7026061/toolchains/llvm/prebuilt/darwin-x86_64/sysroot/usr/include/aarch64-linux-android
 /Users/oleksandrdroid/Library/Android/sdk/ndk/22.0.7026061/toolchains/llvm/prebuilt/darwin-x86_64/sysroot/usr/include
End of search list.
[2/2] Linking CXX executable cmTC_7b270
Android (6875598, based on r399163b) clang version 11.0.5 (https://android.googlesource.com/toolchain/llvm-project 87f1315dfbea7c137aa2e6d362dbb457e388158d)
Target: aarch64-none-linux-android21
Thread model: posix
InstalledDir: /Users/oleksandrdroid/Library/Android/sdk/ndk/22.0.7026061/toolchains/llvm/prebuilt/darwin-x86_64/bin
Found candidate GCC installation: /Users/oleksandrdroid/Library/Android/sdk/ndk/22.0.7026061/toolchains/llvm/prebuilt/darwin-x86_64/lib/gcc/aarch64-linux-android/4.9.x
Selected GCC installation: /Users/oleksandrdroid/Library/Android/sdk/ndk/22.0.7026061/toolchains/llvm/prebuilt/darwin-x86_64/lib/gcc/aarch64-linux-android/4.9.x
Candidate multilib: .;@m64
Selected multilib: .;@m64
 "/Users/oleksandrdroid/Library/Android/sdk/ndk/22.0.7026061/toolchains/llvm/prebuilt/darwin-x86_64/bin/ld" --sysroot=/Users/oleksandrdroid/Library/Android/sdk/ndk/22.0.7026061/toolchains/llvm/prebuilt/darwin-x86_64/sysroot -pie -z noexecstack -EL --fix-cortex-a53-843419 --warn-shared-textrel -z now -z relro -z max-page-size=4096 --hash-style=both --enable-new-dtags --eh-frame-hdr -m aarch64linux -dynamic-linker /system/bin/linker64 -o cmTC_7b270 /Users/oleksandrdroid/Library/Android/sdk/ndk/22.0.7026061/toolchains/llvm/prebuilt/darwin-x86_64/sysroot/usr/lib/aarch64-linux-android/21/crtbegin_dynamic.o -L/Users/oleksandrdroid/Library/Android/sdk/ndk/22.0.7026061/toolchains/llvm/prebuilt/darwin-x86_64/lib64/clang/11.0.5/lib/linux/aarch64 -L/Users/oleksandrdroid/Library/Android/sdk/ndk/22.0.7026061/toolchains/llvm/prebuilt/darwin-x86_64/lib/gcc/aarch64-linux-android/4.9.x -L/Users/oleksandrdroid/Library/Android/sdk/ndk/22.0.7026061/toolchains/llvm/prebuilt/darwin-x86_64/lib/gcc/aarch64-linux-android/4.9.x/../../../../aarch64-linux-android/lib/../lib64 -L/Users/oleksandrdroid/Library/Android/sdk/ndk/22.0.7026061/toolchains/llvm/prebuilt/darwin-x86_64/sysroot/usr/lib/aarch64-linux-android/21 -L/Users/oleksandrdroid/Library/Android/sdk/ndk/22.0.7026061/toolchains/llvm/prebuilt/darwin-x86_64/sysroot/usr/lib/aarch64-linux-android -L/Users/oleksandrdroid/Library/Android/sdk/ndk/22.0.7026061/toolchains/llvm/prebuilt/darwin-x86_64/lib/gcc/aarch64-linux-android/4.9.x/../../../../aarch64-linux-android/lib -L/Users/oleksandrdroid/Library/Android/sdk/ndk/22.0.7026061/toolchains/llvm/prebuilt/darwin-x86_64/sysroot/usr/lib --exclude-libs libgcc.a --exclude-libs libgcc_real.a --exclude-libs libatomic.a --build-id=sha1 --no-rosegment --fatal-warnings --no-undefined --gc-sections CMakeFiles/cmTC_7b270.dir/OpenMPTryFlag.cpp.o -latomic -lm -Bstatic -lc++ -Bdynamic -lm -lomp -lgcc -ldl -lc -lgcc -ldl /Users/oleksandrdroid/Library/Android/sdk/ndk/22.0.7026061/toolchains/llvm/prebuilt/darwin-x86_64/sysroot/usr/lib/aarch64-linux-android/21/crtend_android.o


Parsed CXX OpenMP implicit link information from above output:
  link line regex: [^( *|.*[/\])(CMAKE_LINKER-NOTFOUND|CMAKE_LINK_STARTFILE-NOTFOUND|([^/\]+-)?ld|collect2)[^/\]*( |$)]
  ignore line: [Change Dir: /Users/oleksandrdroid/Robosystems/CV_standalone_wang_811/android-2/app/.cxx/cmake/debug/arm64-v8a/CMakeFiles/CMakeTmp]
  ignore line: []
  ignore line: [Run Build Command:"/Users/oleksandrdroid/Library/Android/sdk/cmake/3.10.2.4988404/bin/ninja" "cmTC_7b270"]
  ignore line: [[1/2] Building CXX object CMakeFiles/cmTC_7b270.dir/OpenMPTryFlag.cpp.o]
  ignore line: [Android (6875598, based on r399163b) clang version 11.0.5 (https://android.googlesource.com/toolchain/llvm-project 87f1315dfbea7c137aa2e6d362dbb457e388158d)]
  ignore line: [Target: aarch64-none-linux-android21]
  ignore line: [Thread model: posix]
  ignore line: [InstalledDir: /Users/oleksandrdroid/Library/Android/sdk/ndk/22.0.7026061/toolchains/llvm/prebuilt/darwin-x86_64/bin]
  ignore line: [Found candidate GCC installation: /Users/oleksandrdroid/Library/Android/sdk/ndk/22.0.7026061/toolchains/llvm/prebuilt/darwin-x86_64/lib/gcc/aarch64-linux-android/4.9.x]
  ignore line: [Selected GCC installation: /Users/oleksandrdroid/Library/Android/sdk/ndk/22.0.7026061/toolchains/llvm/prebuilt/darwin-x86_64/lib/gcc/aarch64-linux-android/4.9.x]
  ignore line: [Candidate multilib: .]
  ignore line: [@m64]
  ignore line: [Selected multilib: .]
  ignore line: [@m64]
  ignore line: [ (in-process)]
  ignore line: [ "/Users/oleksandrdroid/Library/Android/sdk/ndk/22.0.7026061/toolchains/llvm/prebuilt/darwin-x86_64/bin/clang++" -cc1 -triple aarch64-none-linux-android21 -emit-obj -mrelax-all -mnoexecstack -disable-free -disable-llvm-verifier -discard-value-names -main-file-name OpenMPTryFlag.cpp -mrelocation-model pic -pic-level 2 -pic-is-pie -mframe-pointer=non-leaf -fno-rounding-math -mconstructor-aliases -munwind-tables -target-cpu generic -target-feature +neon -target-abi aapcs -mllvm -aarch64-fix-cortex-a53-835769=1 -fallow-half-arguments-and-returns -fno-split-dwarf-inlining -debug-info-kind=limited -dwarf-version=4 -debugger-tuning=gdb -target-linker-version 305 -v -ffunction-sections -fdata-sections -resource-dir /Users/oleksandrdroid/Library/Android/sdk/ndk/22.0.7026061/toolchains/llvm/prebuilt/darwin-x86_64/lib64/clang/11.0.5 -D ANDROID -D _FORTIFY_SOURCE=2 -isysroot /Users/oleksandrdroid/Library/Android/sdk/ndk/22.0.7026061/toolchains/llvm/prebuilt/darwin-x86_64/sysroot -internal-isystem /Users/oleksandrdroid/Library/Android/sdk/ndk/22.0.7026061/toolchains/llvm/prebuilt/darwin-x86_64/sysroot/usr/include/c++/v1 -internal-isystem /Users/oleksandrdroid/Library/Android/sdk/ndk/22.0.7026061/toolchains/llvm/prebuilt/darwin-x86_64/sysroot/usr/local/include -internal-isystem /Users/oleksandrdroid/Library/Android/sdk/ndk/22.0.7026061/toolchains/llvm/prebuilt/darwin-x86_64/lib64/clang/11.0.5/include -internal-externc-isystem /Users/oleksandrdroid/Library/Android/sdk/ndk/22.0.7026061/toolchains/llvm/prebuilt/darwin-x86_64/sysroot/usr/include/aarch64-linux-android -internal-externc-isystem /Users/oleksandrdroid/Library/Android/sdk/ndk/22.0.7026061/toolchains/llvm/prebuilt/darwin-x86_64/sysroot/include -internal-externc-isystem /Users/oleksandrdroid/Library/Android/sdk/ndk/22.0.7026061/toolchains/llvm/prebuilt/darwin-x86_64/sysroot/usr/include -Wformat -Werror=format-security -fdeprecated-macro -fdebug-compilation-dir /Users/oleksandrdroid/Robosystems/CV_standalone_wang_811/android-2/app/.cxx/cmake/debug/arm64-v8a/CMakeFiles/CMakeTmp -ferror-limit 19 -fopenmp -fopenmp-cuda-parallel-target-regions -stack-protector 2 -fno-signed-char -fgnuc-version=4.2.1 -fcxx-exceptions -fexceptions -o CMakeFiles/cmTC_7b270.dir/OpenMPTryFlag.cpp.o -x c++ /Users/oleksandrdroid/Robosystems/CV_standalone_wang_811/android-2/app/.cxx/cmake/debug/arm64-v8a/CMakeFiles/FindOpenMP/OpenMPTryFlag.cpp]
  ignore line: [clang -cc1 version 11.0.5 based upon LLVM 11.0.5git default target x86_64-apple-darwin21.1.0]
  ignore line: [ignoring nonexistent directory "/Users/oleksandrdroid/Library/Android/sdk/ndk/22.0.7026061/toolchains/llvm/prebuilt/darwin-x86_64/sysroot/include"]
  ignore line: [#include "..." search starts here:]
  ignore line: [#include <...> search starts here:]
  ignore line: [ /Users/oleksandrdroid/Library/Android/sdk/ndk/22.0.7026061/toolchains/llvm/prebuilt/darwin-x86_64/sysroot/usr/include/c++/v1]
  ignore line: [ /Users/oleksandrdroid/Library/Android/sdk/ndk/22.0.7026061/toolchains/llvm/prebuilt/darwin-x86_64/sysroot/usr/local/include]
  ignore line: [ /Users/oleksandrdroid/Library/Android/sdk/ndk/22.0.7026061/toolchains/llvm/prebuilt/darwin-x86_64/lib64/clang/11.0.5/include]
  ignore line: [ /Users/oleksandrdroid/Library/Android/sdk/ndk/22.0.7026061/toolchains/llvm/prebuilt/darwin-x86_64/sysroot/usr/include/aarch64-linux-android]
  ignore line: [ /Users/oleksandrdroid/Library/Android/sdk/ndk/22.0.7026061/toolchains/llvm/prebuilt/darwin-x86_64/sysroot/usr/include]
  ignore line: [End of search list.]
  ignore line: [[2/2] Linking CXX executable cmTC_7b270]
  ignore line: [Android (6875598, based on r399163b) clang version 11.0.5 (https://android.googlesource.com/toolchain/llvm-project 87f1315dfbea7c137aa2e6d362dbb457e388158d)]
  ignore line: [Target: aarch64-none-linux-android21]
  ignore line: [Thread model: posix]
  ignore line: [InstalledDir: /Users/oleksandrdroid/Library/Android/sdk/ndk/22.0.7026061/toolchains/llvm/prebuilt/darwin-x86_64/bin]
  ignore line: [Found candidate GCC installation: /Users/oleksandrdroid/Library/Android/sdk/ndk/22.0.7026061/toolchains/llvm/prebuilt/darwin-x86_64/lib/gcc/aarch64-linux-android/4.9.x]
  ignore line: [Selected GCC installation: /Users/oleksandrdroid/Library/Android/sdk/ndk/22.0.7026061/toolchains/llvm/prebuilt/darwin-x86_64/lib/gcc/aarch64-linux-android/4.9.x]
  ignore line: [Candidate multilib: .]
  ignore line: [@m64]
  ignore line: [Selected multilib: .]
  ignore line: [@m64]
  link line: [ "/Users/oleksandrdroid/Library/Android/sdk/ndk/22.0.7026061/toolchains/llvm/prebuilt/darwin-x86_64/bin/ld" --sysroot=/Users/oleksandrdroid/Library/Android/sdk/ndk/22.0.7026061/toolchains/llvm/prebuilt/darwin-x86_64/sysroot -pie -z noexecstack -EL --fix-cortex-a53-843419 --warn-shared-textrel -z now -z relro -z max-page-size=4096 --hash-style=both --enable-new-dtags --eh-frame-hdr -m aarch64linux -dynamic-linker /system/bin/linker64 -o cmTC_7b270 /Users/oleksandrdroid/Library/Android/sdk/ndk/22.0.7026061/toolchains/llvm/prebuilt/darwin-x86_64/sysroot/usr/lib/aarch64-linux-android/21/crtbegin_dynamic.o -L/Users/oleksandrdroid/Library/Android/sdk/ndk/22.0.7026061/toolchains/llvm/prebuilt/darwin-x86_64/lib64/clang/11.0.5/lib/linux/aarch64 -L/Users/oleksandrdroid/Library/Android/sdk/ndk/22.0.7026061/toolchains/llvm/prebuilt/darwin-x86_64/lib/gcc/aarch64-linux-android/4.9.x -L/Users/oleksandrdroid/Library/Android/sdk/ndk/22.0.7026061/toolchains/llvm/prebuilt/darwin-x86_64/lib/gcc/aarch64-linux-android/4.9.x/../../../../aarch64-linux-android/lib/../lib64 -L/Users/oleksandrdroid/Library/Android/sdk/ndk/22.0.7026061/toolchains/llvm/prebuilt/darwin-x86_64/sysroot/usr/lib/aarch64-linux-android/21 -L/Users/oleksandrdroid/Library/Android/sdk/ndk/22.0.7026061/toolchains/llvm/prebuilt/darwin-x86_64/sysroot/usr/lib/aarch64-linux-android -L/Users/oleksandrdroid/Library/Android/sdk/ndk/22.0.7026061/toolchains/llvm/prebuilt/darwin-x86_64/lib/gcc/aarch64-linux-android/4.9.x/../../../../aarch64-linux-android/lib -L/Users/oleksandrdroid/Library/Android/sdk/ndk/22.0.7026061/toolchains/llvm/prebuilt/darwin-x86_64/sysroot/usr/lib --exclude-libs libgcc.a --exclude-libs libgcc_real.a --exclude-libs libatomic.a --build-id=sha1 --no-rosegment --fatal-warnings --no-undefined --gc-sections CMakeFiles/cmTC_7b270.dir/OpenMPTryFlag.cpp.o -latomic -lm -Bstatic -lc++ -Bdynamic -lm -lomp -lgcc -ldl -lc -lgcc -ldl /Users/oleksandrdroid/Library/Android/sdk/ndk/22.0.7026061/toolchains/llvm/prebuilt/darwin-x86_64/sysroot/usr/lib/aarch64-linux-android/21/crtend_android.o]
    arg [/Users/oleksandrdroid/Library/Android/sdk/ndk/22.0.7026061/toolchains/llvm/prebuilt/darwin-x86_64/bin/ld] ==> ignore
    arg [--sysroot=/Users/oleksandrdroid/Library/Android/sdk/ndk/22.0.7026061/toolchains/llvm/prebuilt/darwin-x86_64/sysroot] ==> ignore
    arg [-pie] ==> ignore
    arg [-znoexecstack] ==> ignore
    arg [-EL] ==> ignore
    arg [--fix-cortex-a53-843419] ==> ignore
    arg [--warn-shared-textrel] ==> ignore
    arg [-znow] ==> ignore
    arg [-zrelro] ==> ignore
    arg [-zmax-page-size=4096] ==> ignore
    arg [--hash-style=both] ==> ignore
    arg [--enable-new-dtags] ==> ignore
    arg [--eh-frame-hdr] ==> ignore
    arg [-m] ==> ignore
    arg [aarch64linux] ==> ignore
    arg [-dynamic-linker] ==> ignore
    arg [/system/bin/linker64] ==> ignore
    arg [-o] ==> ignore
    arg [cmTC_7b270] ==> ignore
    arg [/Users/oleksandrdroid/Library/Android/sdk/ndk/22.0.7026061/toolchains/llvm/prebuilt/darwin-x86_64/sysroot/usr/lib/aarch64-linux-android/21/crtbegin_dynamic.o] ==> ignore
    arg [-L/Users/oleksandrdroid/Library/Android/sdk/ndk/22.0.7026061/toolchains/llvm/prebuilt/darwin-x86_64/lib64/clang/11.0.5/lib/linux/aarch64] ==> dir [/Users/oleksandrdroid/Library/Android/sdk/ndk/22.0.7026061/toolchains/llvm/prebuilt/darwin-x86_64/lib64/clang/11.0.5/lib/linux/aarch64]
    arg [-L/Users/oleksandrdroid/Library/Android/sdk/ndk/22.0.7026061/toolchains/llvm/prebuilt/darwin-x86_64/lib/gcc/aarch64-linux-android/4.9.x] ==> dir [/Users/oleksandrdroid/Library/Android/sdk/ndk/22.0.7026061/toolchains/llvm/prebuilt/darwin-x86_64/lib/gcc/aarch64-linux-android/4.9.x]
    arg [-L/Users/oleksandrdroid/Library/Android/sdk/ndk/22.0.7026061/toolchains/llvm/prebuilt/darwin-x86_64/lib/gcc/aarch64-linux-android/4.9.x/../../../../aarch64-linux-android/lib/../lib64] ==> dir [/Users/oleksandrdroid/Library/Android/sdk/ndk/22.0.7026061/toolchains/llvm/prebuilt/darwin-x86_64/lib/gcc/aarch64-linux-android/4.9.x/../../../../aarch64-linux-android/lib/../lib64]
    arg [-L/Users/oleksandrdroid/Library/Android/sdk/ndk/22.0.7026061/toolchains/llvm/prebuilt/darwin-x86_64/sysroot/usr/lib/aarch64-linux-android/21] ==> dir [/Users/oleksandrdroid/Library/Android/sdk/ndk/22.0.7026061/toolchains/llvm/prebuilt/darwin-x86_64/sysroot/usr/lib/aarch64-linux-android/21]
    arg [-L/Users/oleksandrdroid/Library/Android/sdk/ndk/22.0.7026061/toolchains/llvm/prebuilt/darwin-x86_64/sysroot/usr/lib/aarch64-linux-android] ==> dir [/Users/oleksandrdroid/Library/Android/sdk/ndk/22.0.7026061/toolchains/llvm/prebuilt/darwin-x86_64/sysroot/usr/lib/aarch64-linux-android]
    arg [-L/Users/oleksandrdroid/Library/Android/sdk/ndk/22.0.7026061/toolchains/llvm/prebuilt/darwin-x86_64/lib/gcc/aarch64-linux-android/4.9.x/../../../../aarch64-linux-android/lib] ==> dir [/Users/oleksandrdroid/Library/Android/sdk/ndk/22.0.7026061/toolchains/llvm/prebuilt/darwin-x86_64/lib/gcc/aarch64-linux-android/4.9.x/../../../../aarch64-linux-android/lib]
    arg [-L/Users/oleksandrdroid/Library/Android/sdk/ndk/22.0.7026061/toolchains/llvm/prebuilt/darwin-x86_64/sysroot/usr/lib] ==> dir [/Users/oleksandrdroid/Library/Android/sdk/ndk/22.0.7026061/toolchains/llvm/prebuilt/darwin-x86_64/sysroot/usr/lib]
    arg [--exclude-libs] ==> ignore
    arg [libgcc.a] ==> ignore
    arg [--exclude-libs] ==> ignore
    arg [libgcc_real.a] ==> ignore
    arg [--exclude-libs] ==> ignore
    arg [libatomic.a] ==> ignore
    arg [--build-id=sha1] ==> ignore
    arg [--no-rosegment] ==> ignore
    arg [--fatal-warnings] ==> ignore
    arg [--no-undefined] ==> ignore
    arg [--gc-sections] ==> ignore
    arg [CMakeFiles/cmTC_7b270.dir/OpenMPTryFlag.cpp.o] ==> ignore
    arg [-latomic] ==> lib [atomic]
    arg [-lm] ==> lib [m]
    arg [-Bstatic] ==> ignore
    arg [-lc++] ==> lib [c++]
    arg [-Bdynamic] ==> ignore
    arg [-lm] ==> lib [m]
    arg [-lomp] ==> lib [omp]
    arg [-lgcc] ==> lib [gcc]
    arg [-ldl] ==> lib [dl]
    arg [-lc] ==> lib [c]
    arg [-lgcc] ==> lib [gcc]
    arg [-ldl] ==> lib [dl]
    arg [/Users/oleksandrdroid/Library/Android/sdk/ndk/22.0.7026061/toolchains/llvm/prebuilt/darwin-x86_64/sysroot/usr/lib/aarch64-linux-android/21/crtend_android.o] ==> ignore
  collapse library dir [/Users/oleksandrdroid/Library/Android/sdk/ndk/22.0.7026061/toolchains/llvm/prebuilt/darwin-x86_64/lib64/clang/11.0.5/lib/linux/aarch64] ==> [/Users/oleksandrdroid/Library/Android/sdk/ndk/22.0.7026061/toolchains/llvm/prebuilt/darwin-x86_64/lib64/clang/11.0.5/lib/linux/aarch64]
  collapse library dir [/Users/oleksandrdroid/Library/Android/sdk/ndk/22.0.7026061/toolchains/llvm/prebuilt/darwin-x86_64/lib/gcc/aarch64-linux-android/4.9.x] ==> [/Users/oleksandrdroid/Library/Android/sdk/ndk/22.0.7026061/toolchains/llvm/prebuilt/darwin-x86_64/lib/gcc/aarch64-linux-android/4.9.x]
  collapse library dir [/Users/oleksandrdroid/Library/Android/sdk/ndk/22.0.7026061/toolchains/llvm/prebuilt/darwin-x86_64/lib/gcc/aarch64-linux-android/4.9.x/../../../../aarch64-linux-android/lib/../lib64] ==> [/Users/oleksandrdroid/Library/Android/sdk/ndk/22.0.7026061/toolchains/llvm/prebuilt/darwin-x86_64/aarch64-linux-android/lib64]
  collapse library dir [/Users/oleksandrdroid/Library/Android/sdk/ndk/22.0.7026061/toolchains/llvm/prebuilt/darwin-x86_64/sysroot/usr/lib/aarch64-linux-android/21] ==> [/Users/oleksandrdroid/Library/Android/sdk/ndk/22.0.7026061/toolchains/llvm/prebuilt/darwin-x86_64/sysroot/usr/lib/aarch64-linux-android/21]
  collapse library dir [/Users/oleksandrdroid/Library/Android/sdk/ndk/22.0.7026061/toolchains/llvm/prebuilt/darwin-x86_64/sysroot/usr/lib/aarch64-linux-android] ==> [/Users/oleksandrdroid/Library/Android/sdk/ndk/22.0.7026061/toolchains/llvm/prebuilt/darwin-x86_64/sysroot/usr/lib/aarch64-linux-android]
  collapse library dir [/Users/oleksandrdroid/Library/Android/sdk/ndk/22.0.7026061/toolchains/llvm/prebuilt/darwin-x86_64/lib/gcc/aarch64-linux-android/4.9.x/../../../../aarch64-linux-android/lib] ==> [/Users/oleksandrdroid/Library/Android/sdk/ndk/22.0.7026061/toolchains/llvm/prebuilt/darwin-x86_64/aarch64-linux-android/lib]
  collapse library dir [/Users/oleksandrdroid/Library/Android/sdk/ndk/22.0.7026061/toolchains/llvm/prebuilt/darwin-x86_64/sysroot/usr/lib] ==> [/Users/oleksandrdroid/Library/Android/sdk/ndk/22.0.7026061/toolchains/llvm/prebuilt/darwin-x86_64/sysroot/usr/lib]
  implicit libs: [atomic;m;c++;m;omp;gcc;dl;c;gcc;dl]
  implicit dirs: [/Users/oleksandrdroid/Library/Android/sdk/ndk/22.0.7026061/toolchains/llvm/prebuilt/darwin-x86_64/lib64/clang/11.0.5/lib/linux/aarch64;/Users/oleksandrdroid/Library/Android/sdk/ndk/22.0.7026061/toolchains/llvm/prebuilt/darwin-x86_64/lib/gcc/aarch64-linux-android/4.9.x;/Users/oleksandrdroid/Library/Android/sdk/ndk/22.0.7026061/toolchains/llvm/prebuilt/darwin-x86_64/aarch64-linux-android/lib64;/Users/oleksandrdroid/Library/Android/sdk/ndk/22.0.7026061/toolchains/llvm/prebuilt/darwin-x86_64/sysroot/usr/lib/aarch64-linux-android/21;/Users/oleksandrdroid/Library/Android/sdk/ndk/22.0.7026061/toolchains/llvm/prebuilt/darwin-x86_64/sysroot/usr/lib/aarch64-linux-android;/Users/oleksandrdroid/Library/Android/sdk/ndk/22.0.7026061/toolchains/llvm/prebuilt/darwin-x86_64/aarch64-linux-android/lib;/Users/oleksandrdroid/Library/Android/sdk/ndk/22.0.7026061/toolchains/llvm/prebuilt/darwin-x86_64/sysroot/usr/lib]
  implicit fwks: []


Determining if the include file pthread.h exists passed with the following output:
Change Dir: /Users/oleksandrdroid/Robosystems/CV_standalone_wang_811/android-2/app/.cxx/cmake/debug/arm64-v8a/CMakeFiles/CMakeTmp

Run Build Command:"/Users/oleksandrdroid/Library/Android/sdk/cmake/3.10.2.4988404/bin/ninja" "cmTC_c0539"
[1/2] Building C object CMakeFiles/cmTC_c0539.dir/CheckIncludeFile.c.o
[2/2] Linking C executable cmTC_c0539


Determining if the pthread_create exist passed with the following output:
Change Dir: /Users/oleksandrdroid/Robosystems/CV_standalone_wang_811/android-2/app/.cxx/cmake/debug/arm64-v8a/CMakeFiles/CMakeTmp

Run Build Command:"/Users/oleksandrdroid/Library/Android/sdk/cmake/3.10.2.4988404/bin/ninja" "cmTC_6bd0f"
[1/2] Building C object CMakeFiles/cmTC_6bd0f.dir/CheckSymbolExists.c.o
[2/2] Linking C executable cmTC_6bd0f

File /Users/oleksandrdroid/Robosystems/CV_standalone_wang_811/android-2/app/.cxx/cmake/debug/arm64-v8a/CMakeFiles/CMakeTmp/CheckSymbolExists.c:
/* */
#include <pthread.h>

int main(int argc, char** argv)
{
  (void)argv;
#ifndef pthread_create
  return ((int*)(&pthread_create))[argc];
#else
  (void)argc;
  return 0;
#endif
}

